{"$message_type":"diagnostic","message":"unresolved import `super::ChildRunInfo`","code":{"code":"E0432","explanation":"An import was unresolved.\n\nErroneous code example:\n\n```compile_fail,E0432\nuse something::Foo; // error: unresolved import `something::Foo`.\n```\n\nIn Rust 2015, paths in `use` statements are relative to the crate root. To\nimport items relative to the current and parent modules, use the `self::` and\n`super::` prefixes, respectively.\n\nIn Rust 2018 or later, paths in `use` statements are relative to the current\nmodule unless they begin with the name of a crate or a literal `crate::`, in\nwhich case they start from the crate root. As in Rust 2015 code, the `self::`\nand `super::` prefixes refer to the current and parent modules respectively.\n\nAlso verify that you didn't misspell the import name and that the import exists\nin the module from where you tried to import it. Example:\n\n```\nuse self::something::Foo; // Ok.\n\nmod something {\n    pub struct Foo;\n}\n# fn main() {}\n```\n\nIf you tried to use a module from an external crate and are using Rust 2015,\nyou may have missed the `extern crate` declaration (which is usually placed in\nthe crate root):\n\n```edition2015\nextern crate core; // Required to use the `core` crate in Rust 2015.\n\nuse core::any;\n# fn main() {}\n```\n\nSince Rust 2018 the `extern crate` declaration is not required and\nyou can instead just `use` it:\n\n```edition2018\nuse core::any; // No extern crate required in Rust 2018.\n# fn main() {}\n```\n"},"level":"error","spans":[{"file_name":"stageflow/src/subpipeline/spawner.rs","byte_start":61,"byte_end":73,"line_start":3,"line_end":3,"column_start":13,"column_end":25,"is_primary":true,"text":[{"text":"use super::{ChildRunInfo, ChildRunTracker, SubpipelineResult};","highlight_start":13,"highlight_end":25}],"label":"no `ChildRunInfo` in `subpipeline`","suggested_replacement":null,"suggestion_applicability":null,"expansion":null}],"children":[{"message":"consider importing this struct instead:\ncrate::subpipeline::tracker::ChildRunInfo","code":null,"level":"help","spans":[],"children":[],"rendered":null}],"rendered":"\u001b[1m\u001b[91merror[E0432]\u001b[0m\u001b[1m: unresolved import `super::ChildRunInfo`\u001b[0m\n \u001b[1m\u001b[94m--> \u001b[0mstageflow/src/subpipeline/spawner.rs:3:13\n  \u001b[1m\u001b[94m|\u001b[0m\n\u001b[1m\u001b[94m3\u001b[0m \u001b[1m\u001b[94m|\u001b[0m use super::{ChildRunInfo, ChildRunTracker, SubpipelineResult};\n  \u001b[1m\u001b[94m|\u001b[0m             \u001b[1m\u001b[91m^^^^^^^^^^^^\u001b[0m \u001b[1m\u001b[91mno `ChildRunInfo` in `subpipeline`\u001b[0m\n  \u001b[1m\u001b[94m|\u001b[0m\n  \u001b[1m\u001b[94m= \u001b[0m\u001b[1mhelp\u001b[0m: consider importing this struct instead:\n          crate::subpipeline::tracker::ChildRunInfo\n\n"}
{"$message_type":"diagnostic","message":"unresolved import `rand`","code":{"code":"E0432","explanation":"An import was unresolved.\n\nErroneous code example:\n\n```compile_fail,E0432\nuse something::Foo; // error: unresolved import `something::Foo`.\n```\n\nIn Rust 2015, paths in `use` statements are relative to the crate root. To\nimport items relative to the current and parent modules, use the `self::` and\n`super::` prefixes, respectively.\n\nIn Rust 2018 or later, paths in `use` statements are relative to the current\nmodule unless they begin with the name of a crate or a literal `crate::`, in\nwhich case they start from the crate root. As in Rust 2015 code, the `self::`\nand `super::` prefixes refer to the current and parent modules respectively.\n\nAlso verify that you didn't misspell the import name and that the import exists\nin the module from where you tried to import it. Example:\n\n```\nuse self::something::Foo; // Ok.\n\nmod something {\n    pub struct Foo;\n}\n# fn main() {}\n```\n\nIf you tried to use a module from an external crate and are using Rust 2015,\nyou may have missed the `extern crate` declaration (which is usually placed in\nthe crate root):\n\n```edition2015\nextern crate core; // Required to use the `core` crate in Rust 2015.\n\nuse core::any;\n# fn main() {}\n```\n\nSince Rust 2018 the `extern crate` declaration is not required and\nyou can instead just `use` it:\n\n```edition2018\nuse core::any; // No extern crate required in Rust 2018.\n# fn main() {}\n```\n"},"level":"error","spans":[{"file_name":"stageflow/src/interceptors/retry.rs","byte_start":170,"byte_end":174,"line_start":7,"line_end":7,"column_start":5,"column_end":9,"is_primary":true,"text":[{"text":"use rand::Rng;","highlight_start":5,"highlight_end":9}],"label":"use of unresolved module or unlinked crate `rand`","suggested_replacement":null,"suggestion_applicability":null,"expansion":null}],"children":[{"message":"if you wanted to use a crate named `rand`, use `cargo add rand` to add it to your `Cargo.toml`","code":null,"level":"help","spans":[],"children":[],"rendered":null}],"rendered":"\u001b[1m\u001b[91merror[E0432]\u001b[0m\u001b[1m: unresolved import `rand`\u001b[0m\n \u001b[1m\u001b[94m--> \u001b[0mstageflow/src/interceptors/retry.rs:7:5\n  \u001b[1m\u001b[94m|\u001b[0m\n\u001b[1m\u001b[94m7\u001b[0m \u001b[1m\u001b[94m|\u001b[0m use rand::Rng;\n  \u001b[1m\u001b[94m|\u001b[0m     \u001b[1m\u001b[91m^^^^\u001b[0m \u001b[1m\u001b[91muse of unresolved module or unlinked crate `rand`\u001b[0m\n  \u001b[1m\u001b[94m|\u001b[0m\n  \u001b[1m\u001b[94m= \u001b[0m\u001b[1mhelp\u001b[0m: if you wanted to use a crate named `rand`, use `cargo add rand` to add it to your `Cargo.toml`\n\n"}
{"$message_type":"diagnostic","message":"module `timestamps` is private","code":{"code":"E0603","explanation":"A private item was used outside its scope.\n\nErroneous code example:\n\n```compile_fail,E0603\nmod foo {\n    const PRIVATE: u32 = 0x_a_bad_1dea_u32; // This const is private, so we\n                                            // can't use it outside of the\n                                            // `foo` module.\n}\n\nprintln!(\"const value: {}\", foo::PRIVATE); // error: constant `PRIVATE`\n                                                  //        is private\n```\n\nIn order to fix this error, you need to make the item public by using the `pub`\nkeyword. Example:\n\n```\nmod foo {\n    pub const PRIVATE: u32 = 0x_a_bad_1dea_u32; // We set it public by using the\n                                                // `pub` keyword.\n}\n\nprintln!(\"const value: {}\", foo::PRIVATE); // ok!\n```\n"},"level":"error","spans":[{"file_name":"stageflow/src/helpers/timestamps.rs","byte_start":56,"byte_end":66,"line_start":3,"line_end":3,"column_start":23,"column_end":33,"is_primary":true,"text":[{"text":"pub use crate::utils::timestamps::{","highlight_start":23,"highlight_end":33}],"label":"private module","suggested_replacement":null,"suggestion_applicability":null,"expansion":null}],"children":[{"message":"the module `timestamps` is defined here","code":null,"level":"note","spans":[{"file_name":"stageflow/src/utils/mod.rs","byte_start":205,"byte_end":220,"line_start":6,"line_end":6,"column_start":1,"column_end":16,"is_primary":true,"text":[{"text":"mod timestamps;","highlight_start":1,"highlight_end":16}],"label":null,"suggested_replacement":null,"suggestion_applicability":null,"expansion":null}],"children":[],"rendered":null}],"rendered":"\u001b[1m\u001b[91merror[E0603]\u001b[0m\u001b[1m: module `timestamps` is private\u001b[0m\n \u001b[1m\u001b[94m--> \u001b[0mstageflow/src/helpers/timestamps.rs:3:23\n  \u001b[1m\u001b[94m|\u001b[0m\n\u001b[1m\u001b[94m3\u001b[0m \u001b[1m\u001b[94m|\u001b[0m pub use crate::utils::timestamps::{\n  \u001b[1m\u001b[94m|\u001b[0m                       \u001b[1m\u001b[91m^^^^^^^^^^\u001b[0m \u001b[1m\u001b[91mprivate module\u001b[0m\n  \u001b[1m\u001b[94m|\u001b[0m\n\u001b[1m\u001b[92mnote\u001b[0m: the module `timestamps` is defined here\n \u001b[1m\u001b[94m--> \u001b[0mstageflow/src/utils/mod.rs:6:1\n  \u001b[1m\u001b[94m|\u001b[0m\n\u001b[1m\u001b[94m6\u001b[0m \u001b[1m\u001b[94m|\u001b[0m mod timestamps;\n  \u001b[1m\u001b[94m|\u001b[0m \u001b[1m\u001b[92m^^^^^^^^^^^^^^^\u001b[0m\n\n"}
{"$message_type":"diagnostic","message":"module `timestamps` is private","code":{"code":"E0603","explanation":"A private item was used outside its scope.\n\nErroneous code example:\n\n```compile_fail,E0603\nmod foo {\n    const PRIVATE: u32 = 0x_a_bad_1dea_u32; // This const is private, so we\n                                            // can't use it outside of the\n                                            // `foo` module.\n}\n\nprintln!(\"const value: {}\", foo::PRIVATE); // error: constant `PRIVATE`\n                                                  //        is private\n```\n\nIn order to fix this error, you need to make the item public by using the `pub`\nkeyword. Example:\n\n```\nmod foo {\n    pub const PRIVATE: u32 = 0x_a_bad_1dea_u32; // We set it public by using the\n                                                // `pub` keyword.\n}\n\nprintln!(\"const value: {}\", foo::PRIVATE); // ok!\n```\n"},"level":"error","spans":[{"file_name":"stageflow/src/helpers/timestamps.rs","byte_start":56,"byte_end":66,"line_start":3,"line_end":3,"column_start":23,"column_end":33,"is_primary":true,"text":[{"text":"pub use crate::utils::timestamps::{","highlight_start":23,"highlight_end":33}],"label":"private module","suggested_replacement":null,"suggestion_applicability":null,"expansion":null}],"children":[{"message":"consider importing this enum through its public re-export instead:\ncrate::utils::UnixPrecision","code":null,"level":"help","spans":[{"file_name":"stageflow/src/helpers/timestamps.rs","byte_start":114,"byte_end":127,"line_start":4,"line_end":4,"column_start":45,"column_end":58,"is_primary":true,"text":[{"text":"    detect_unix_precision, parse_timestamp, UnixPrecision,","highlight_start":45,"highlight_end":58}],"label":null,"suggested_replacement":null,"suggestion_applicability":null,"expansion":null}],"children":[],"rendered":null},{"message":"the module `timestamps` is defined here","code":null,"level":"note","spans":[{"file_name":"stageflow/src/utils/mod.rs","byte_start":205,"byte_end":220,"line_start":6,"line_end":6,"column_start":1,"column_end":16,"is_primary":true,"text":[{"text":"mod timestamps;","highlight_start":1,"highlight_end":16}],"label":null,"suggested_replacement":null,"suggestion_applicability":null,"expansion":null}],"children":[],"rendered":null}],"rendered":"\u001b[1m\u001b[91merror[E0603]\u001b[0m\u001b[1m: module `timestamps` is private\u001b[0m\n \u001b[1m\u001b[94m--> \u001b[0mstageflow/src/helpers/timestamps.rs:3:23\n  \u001b[1m\u001b[94m|\u001b[0m\n\u001b[1m\u001b[94m3\u001b[0m \u001b[1m\u001b[94m|\u001b[0m pub use crate::utils::timestamps::{\n  \u001b[1m\u001b[94m|\u001b[0m                       \u001b[1m\u001b[91m^^^^^^^^^^\u001b[0m \u001b[1m\u001b[91mprivate module\u001b[0m\n  \u001b[1m\u001b[94m|\u001b[0m\n\u001b[1m\u001b[96mhelp\u001b[0m: consider importing this enum through its public re-export instead:\n      crate::utils::UnixPrecision\n \u001b[1m\u001b[94m--> \u001b[0mstageflow/src/helpers/timestamps.rs:4:45\n  \u001b[1m\u001b[94m|\u001b[0m\n\u001b[1m\u001b[94m4\u001b[0m \u001b[1m\u001b[94m|\u001b[0m     detect_unix_precision, parse_timestamp, UnixPrecision,\n  \u001b[1m\u001b[94m|\u001b[0m                                             \u001b[1m\u001b[96m^^^^^^^^^^^^^\u001b[0m\n\u001b[1m\u001b[92mnote\u001b[0m: the module `timestamps` is defined here\n \u001b[1m\u001b[94m--> \u001b[0mstageflow/src/utils/mod.rs:6:1\n  \u001b[1m\u001b[94m|\u001b[0m\n\u001b[1m\u001b[94m6\u001b[0m \u001b[1m\u001b[94m|\u001b[0m mod timestamps;\n  \u001b[1m\u001b[94m|\u001b[0m \u001b[1m\u001b[92m^^^^^^^^^^^^^^^\u001b[0m\n\n"}
{"$message_type":"diagnostic","message":"unused import: `std::sync::Arc`","code":{"code":"unused_imports","explanation":null},"level":"warning","spans":[{"file_name":"stageflow/src/cancellation/cleanup.rs","byte_start":91,"byte_end":105,"line_start":5,"line_end":5,"column_start":5,"column_end":19,"is_primary":true,"text":[{"text":"use std::sync::Arc;","highlight_start":5,"highlight_end":19}],"label":null,"suggested_replacement":null,"suggestion_applicability":null,"expansion":null}],"children":[{"message":"`#[warn(unused_imports)]` (part of `#[warn(unused)]`) on by default","code":null,"level":"note","spans":[],"children":[],"rendered":null},{"message":"remove the whole `use` item","code":null,"level":"help","spans":[{"file_name":"stageflow/src/cancellation/cleanup.rs","byte_start":87,"byte_end":107,"line_start":5,"line_end":6,"column_start":1,"column_end":1,"is_primary":true,"text":[{"text":"use std::sync::Arc;","highlight_start":1,"highlight_end":20},{"text":"use std::time::Duration;","highlight_start":1,"highlight_end":1}],"label":null,"suggested_replacement":"","suggestion_applicability":"MachineApplicable","expansion":null}],"children":[],"rendered":null}],"rendered":"\u001b[1m\u001b[33mwarning\u001b[0m\u001b[1m: unused import: `std::sync::Arc`\u001b[0m\n \u001b[1m\u001b[94m--> \u001b[0mstageflow/src/cancellation/cleanup.rs:5:5\n  \u001b[1m\u001b[94m|\u001b[0m\n\u001b[1m\u001b[94m5\u001b[0m \u001b[1m\u001b[94m|\u001b[0m use std::sync::Arc;\n  \u001b[1m\u001b[94m|\u001b[0m     \u001b[1m\u001b[33m^^^^^^^^^^^^^^\u001b[0m\n  \u001b[1m\u001b[94m|\u001b[0m\n  \u001b[1m\u001b[94m= \u001b[0m\u001b[1mnote\u001b[0m: `#[warn(unused_imports)]` (part of `#[warn(unused)]`) on by default\n\n"}
{"$message_type":"diagnostic","message":"unused import: `std::sync::Arc`","code":{"code":"unused_imports","explanation":null},"level":"warning","spans":[{"file_name":"stageflow/src/cancellation/token.rs","byte_start":130,"byte_end":144,"line_start":5,"line_end":5,"column_start":5,"column_end":19,"is_primary":true,"text":[{"text":"use std::sync::Arc;","highlight_start":5,"highlight_end":19}],"label":null,"suggested_replacement":null,"suggestion_applicability":null,"expansion":null}],"children":[{"message":"remove the whole `use` item","code":null,"level":"help","spans":[{"file_name":"stageflow/src/cancellation/token.rs","byte_start":126,"byte_end":146,"line_start":5,"line_end":6,"column_start":1,"column_end":1,"is_primary":true,"text":[{"text":"use std::sync::Arc;","highlight_start":1,"highlight_end":20},{"text":"use tracing::warn;","highlight_start":1,"highlight_end":1}],"label":null,"suggested_replacement":"","suggestion_applicability":"MachineApplicable","expansion":null}],"children":[],"rendered":null}],"rendered":"\u001b[1m\u001b[33mwarning\u001b[0m\u001b[1m: unused import: `std::sync::Arc`\u001b[0m\n \u001b[1m\u001b[94m--> \u001b[0mstageflow/src/cancellation/token.rs:5:5\n  \u001b[1m\u001b[94m|\u001b[0m\n\u001b[1m\u001b[94m5\u001b[0m \u001b[1m\u001b[94m|\u001b[0m use std::sync::Arc;\n  \u001b[1m\u001b[94m|\u001b[0m     \u001b[1m\u001b[33m^^^^^^^^^^^^^^\u001b[0m\n\n"}
{"$message_type":"diagnostic","message":"unused import: `std::sync::Arc`","code":{"code":"unused_imports","explanation":null},"level":"warning","spans":[{"file_name":"stageflow/src/context/bags.rs","byte_start":163,"byte_end":177,"line_start":6,"line_end":6,"column_start":5,"column_end":19,"is_primary":true,"text":[{"text":"use std::sync::Arc;","highlight_start":5,"highlight_end":19}],"label":null,"suggested_replacement":null,"suggestion_applicability":null,"expansion":null}],"children":[{"message":"remove the whole `use` item","code":null,"level":"help","spans":[{"file_name":"stageflow/src/context/bags.rs","byte_start":159,"byte_end":179,"line_start":6,"line_end":7,"column_start":1,"column_end":1,"is_primary":true,"text":[{"text":"use std::sync::Arc;","highlight_start":1,"highlight_end":20},{"text":"","highlight_start":1,"highlight_end":1}],"label":null,"suggested_replacement":"","suggestion_applicability":"MachineApplicable","expansion":null}],"children":[],"rendered":null}],"rendered":"\u001b[1m\u001b[33mwarning\u001b[0m\u001b[1m: unused import: `std::sync::Arc`\u001b[0m\n \u001b[1m\u001b[94m--> \u001b[0mstageflow/src/context/bags.rs:6:5\n  \u001b[1m\u001b[94m|\u001b[0m\n\u001b[1m\u001b[94m6\u001b[0m \u001b[1m\u001b[94m|\u001b[0m use std::sync::Arc;\n  \u001b[1m\u001b[94m|\u001b[0m     \u001b[1m\u001b[33m^^^^^^^^^^^^^^\u001b[0m\n\n"}
{"$message_type":"diagnostic","message":"unused import: `HashSet`","code":{"code":"unused_imports","explanation":null},"level":"warning","spans":[{"file_name":"stageflow/src/context/execution.rs","byte_start":280,"byte_end":287,"line_start":7,"line_end":7,"column_start":33,"column_end":40,"is_primary":true,"text":[{"text":"use std::collections::{HashMap, HashSet};","highlight_start":33,"highlight_end":40}],"label":null,"suggested_replacement":null,"suggestion_applicability":null,"expansion":null}],"children":[{"message":"remove the unused import","code":null,"level":"help","spans":[{"file_name":"stageflow/src/context/execution.rs","byte_start":278,"byte_end":287,"line_start":7,"line_end":7,"column_start":31,"column_end":40,"is_primary":true,"text":[{"text":"use std::collections::{HashMap, HashSet};","highlight_start":31,"highlight_end":40}],"label":null,"suggested_replacement":"","suggestion_applicability":"MachineApplicable","expansion":null},{"file_name":"stageflow/src/context/execution.rs","byte_start":270,"byte_end":271,"line_start":7,"line_end":7,"column_start":23,"column_end":24,"is_primary":true,"text":[{"text":"use std::collections::{HashMap, HashSet};","highlight_start":23,"highlight_end":24}],"label":null,"suggested_replacement":"","suggestion_applicability":"MachineApplicable","expansion":null},{"file_name":"stageflow/src/context/execution.rs","byte_start":287,"byte_end":288,"line_start":7,"line_end":7,"column_start":40,"column_end":41,"is_primary":true,"text":[{"text":"use std::collections::{HashMap, HashSet};","highlight_start":40,"highlight_end":41}],"label":null,"suggested_replacement":"","suggestion_applicability":"MachineApplicable","expansion":null}],"children":[],"rendered":null}],"rendered":"\u001b[1m\u001b[33mwarning\u001b[0m\u001b[1m: unused import: `HashSet`\u001b[0m\n \u001b[1m\u001b[94m--> \u001b[0mstageflow/src/context/execution.rs:7:33\n  \u001b[1m\u001b[94m|\u001b[0m\n\u001b[1m\u001b[94m7\u001b[0m \u001b[1m\u001b[94m|\u001b[0m use std::collections::{HashMap, HashSet};\n  \u001b[1m\u001b[94m|\u001b[0m                                 \u001b[1m\u001b[33m^^^^^^^\u001b[0m\n\n"}
{"$message_type":"diagnostic","message":"unused import: `std::collections::HashMap`","code":{"code":"unused_imports","explanation":null},"level":"warning","spans":[{"file_name":"stageflow/src/events/sink.rs","byte_start":77,"byte_end":102,"line_start":4,"line_end":4,"column_start":5,"column_end":30,"is_primary":true,"text":[{"text":"use std::collections::HashMap;","highlight_start":5,"highlight_end":30}],"label":null,"suggested_replacement":null,"suggestion_applicability":null,"expansion":null}],"children":[{"message":"remove the whole `use` item","code":null,"level":"help","spans":[{"file_name":"stageflow/src/events/sink.rs","byte_start":73,"byte_end":104,"line_start":4,"line_end":5,"column_start":1,"column_end":1,"is_primary":true,"text":[{"text":"use std::collections::HashMap;","highlight_start":1,"highlight_end":31},{"text":"use tracing::{debug, info, Level};","highlight_start":1,"highlight_end":1}],"label":null,"suggested_replacement":"","suggestion_applicability":"MachineApplicable","expansion":null}],"children":[],"rendered":null}],"rendered":"\u001b[1m\u001b[33mwarning\u001b[0m\u001b[1m: unused import: `std::collections::HashMap`\u001b[0m\n \u001b[1m\u001b[94m--> \u001b[0mstageflow/src/events/sink.rs:4:5\n  \u001b[1m\u001b[94m|\u001b[0m\n\u001b[1m\u001b[94m4\u001b[0m \u001b[1m\u001b[94m|\u001b[0m use std::collections::HashMap;\n  \u001b[1m\u001b[94m|\u001b[0m     \u001b[1m\u001b[33m^^^^^^^^^^^^^^^^^^^^^^^^^\u001b[0m\n\n"}
{"$message_type":"diagnostic","message":"unused import: `StageKind`","code":{"code":"unused_imports","explanation":null},"level":"warning","spans":[{"file_name":"stageflow/src/interceptors/idempotency.rs","byte_start":122,"byte_end":131,"line_start":5,"line_end":5,"column_start":19,"column_end":28,"is_primary":true,"text":[{"text":"use crate::core::{StageKind, StageOutput};","highlight_start":19,"highlight_end":28}],"label":null,"suggested_replacement":null,"suggestion_applicability":null,"expansion":null}],"children":[{"message":"remove the unused import","code":null,"level":"help","spans":[{"file_name":"stageflow/src/interceptors/idempotency.rs","byte_start":122,"byte_end":133,"line_start":5,"line_end":5,"column_start":19,"column_end":30,"is_primary":true,"text":[{"text":"use crate::core::{StageKind, StageOutput};","highlight_start":19,"highlight_end":30}],"label":null,"suggested_replacement":"","suggestion_applicability":"MachineApplicable","expansion":null},{"file_name":"stageflow/src/interceptors/idempotency.rs","byte_start":121,"byte_end":122,"line_start":5,"line_end":5,"column_start":18,"column_end":19,"is_primary":true,"text":[{"text":"use crate::core::{StageKind, StageOutput};","highlight_start":18,"highlight_end":19}],"label":null,"suggested_replacement":"","suggestion_applicability":"MachineApplicable","expansion":null},{"file_name":"stageflow/src/interceptors/idempotency.rs","byte_start":144,"byte_end":145,"line_start":5,"line_end":5,"column_start":41,"column_end":42,"is_primary":true,"text":[{"text":"use crate::core::{StageKind, StageOutput};","highlight_start":41,"highlight_end":42}],"label":null,"suggested_replacement":"","suggestion_applicability":"MachineApplicable","expansion":null}],"children":[],"rendered":null}],"rendered":"\u001b[1m\u001b[33mwarning\u001b[0m\u001b[1m: unused import: `StageKind`\u001b[0m\n \u001b[1m\u001b[94m--> \u001b[0mstageflow/src/interceptors/idempotency.rs:5:19\n  \u001b[1m\u001b[94m|\u001b[0m\n\u001b[1m\u001b[94m5\u001b[0m \u001b[1m\u001b[94m|\u001b[0m use crate::core::{StageKind, StageOutput};\n  \u001b[1m\u001b[94m|\u001b[0m                   \u001b[1m\u001b[33m^^^^^^^^^\u001b[0m\n\n"}
{"$message_type":"diagnostic","message":"unused import: `crate::core::StageKind`","code":{"code":"unused_imports","explanation":null},"level":"warning","spans":[{"file_name":"stageflow/src/pipeline/builder.rs","byte_start":79,"byte_end":101,"line_start":4,"line_end":4,"column_start":5,"column_end":27,"is_primary":true,"text":[{"text":"use crate::core::StageKind;","highlight_start":5,"highlight_end":27}],"label":null,"suggested_replacement":null,"suggestion_applicability":null,"expansion":null}],"children":[{"message":"remove the whole `use` item","code":null,"level":"help","spans":[{"file_name":"stageflow/src/pipeline/builder.rs","byte_start":75,"byte_end":103,"line_start":4,"line_end":5,"column_start":1,"column_end":1,"is_primary":true,"text":[{"text":"use crate::core::StageKind;","highlight_start":1,"highlight_end":28},{"text":"use crate::errors::{ContractErrorInfo, CycleDetectedError, PipelineValidationError};","highlight_start":1,"highlight_end":1}],"label":null,"suggested_replacement":"","suggestion_applicability":"MachineApplicable","expansion":null}],"children":[],"rendered":null}],"rendered":"\u001b[1m\u001b[33mwarning\u001b[0m\u001b[1m: unused import: `crate::core::StageKind`\u001b[0m\n \u001b[1m\u001b[94m--> \u001b[0mstageflow/src/pipeline/builder.rs:4:5\n  \u001b[1m\u001b[94m|\u001b[0m\n\u001b[1m\u001b[94m4\u001b[0m \u001b[1m\u001b[94m|\u001b[0m use crate::core::StageKind;\n  \u001b[1m\u001b[94m|\u001b[0m     \u001b[1m\u001b[33m^^^^^^^^^^^^^^^^^^^^^^\u001b[0m\n\n"}
{"$message_type":"diagnostic","message":"unused imports: `OutputBag` and `RunIdentity`","code":{"code":"unused_imports","explanation":null},"level":"warning","spans":[{"file_name":"stageflow/src/pipeline/dag.rs","byte_start":105,"byte_end":114,"line_start":4,"line_end":4,"column_start":39,"column_end":48,"is_primary":true,"text":[{"text":"use crate::context::{ContextSnapshot, OutputBag, PipelineContext, RunIdentity, StageContext, StageInputs};","highlight_start":39,"highlight_end":48}],"label":null,"suggested_replacement":null,"suggestion_applicability":null,"expansion":null},{"file_name":"stageflow/src/pipeline/dag.rs","byte_start":133,"byte_end":144,"line_start":4,"line_end":4,"column_start":67,"column_end":78,"is_primary":true,"text":[{"text":"use crate::context::{ContextSnapshot, OutputBag, PipelineContext, RunIdentity, StageContext, StageInputs};","highlight_start":67,"highlight_end":78}],"label":null,"suggested_replacement":null,"suggestion_applicability":null,"expansion":null}],"children":[{"message":"remove the unused imports","code":null,"level":"help","spans":[{"file_name":"stageflow/src/pipeline/dag.rs","byte_start":103,"byte_end":114,"line_start":4,"line_end":4,"column_start":37,"column_end":48,"is_primary":true,"text":[{"text":"use crate::context::{ContextSnapshot, OutputBag, PipelineContext, RunIdentity, StageContext, StageInputs};","highlight_start":37,"highlight_end":48}],"label":null,"suggested_replacement":"","suggestion_applicability":"MachineApplicable","expansion":null},{"file_name":"stageflow/src/pipeline/dag.rs","byte_start":131,"byte_end":144,"line_start":4,"line_end":4,"column_start":65,"column_end":78,"is_primary":true,"text":[{"text":"use crate::context::{ContextSnapshot, OutputBag, PipelineContext, RunIdentity, StageContext, StageInputs};","highlight_start":65,"highlight_end":78}],"label":null,"suggested_replacement":"","suggestion_applicability":"MachineApplicable","expansion":null}],"children":[],"rendered":null}],"rendered":"\u001b[1m\u001b[33mwarning\u001b[0m\u001b[1m: unused imports: `OutputBag` and `RunIdentity`\u001b[0m\n \u001b[1m\u001b[94m--> \u001b[0mstageflow/src/pipeline/dag.rs:4:39\n  \u001b[1m\u001b[94m|\u001b[0m\n\u001b[1m\u001b[94m4\u001b[0m \u001b[1m\u001b[94m|\u001b[0m use crate::context::{ContextSnapshot, OutputBag, PipelineContext, RunIdentity, StageContext, StageInputs};\n  \u001b[1m\u001b[94m|\u001b[0m                                       \u001b[1m\u001b[33m^^^^^^^^^\u001b[0m                   \u001b[1m\u001b[33m^^^^^^^^^^^\u001b[0m\n\n"}
{"$message_type":"diagnostic","message":"unused import: `StageEvent`","code":{"code":"unused_imports","explanation":null},"level":"warning","spans":[{"file_name":"stageflow/src/pipeline/dag.rs","byte_start":192,"byte_end":202,"line_start":5,"line_end":5,"column_start":19,"column_end":29,"is_primary":true,"text":[{"text":"use crate::core::{StageEvent, StageOutput, StageStatus};","highlight_start":19,"highlight_end":29}],"label":null,"suggested_replacement":null,"suggestion_applicability":null,"expansion":null}],"children":[{"message":"remove the unused import","code":null,"level":"help","spans":[{"file_name":"stageflow/src/pipeline/dag.rs","byte_start":192,"byte_end":204,"line_start":5,"line_end":5,"column_start":19,"column_end":31,"is_primary":true,"text":[{"text":"use crate::core::{StageEvent, StageOutput, StageStatus};","highlight_start":19,"highlight_end":31}],"label":null,"suggested_replacement":"","suggestion_applicability":"MachineApplicable","expansion":null}],"children":[],"rendered":null}],"rendered":"\u001b[1m\u001b[33mwarning\u001b[0m\u001b[1m: unused import: `StageEvent`\u001b[0m\n \u001b[1m\u001b[94m--> \u001b[0mstageflow/src/pipeline/dag.rs:5:19\n  \u001b[1m\u001b[94m|\u001b[0m\n\u001b[1m\u001b[94m5\u001b[0m \u001b[1m\u001b[94m|\u001b[0m use crate::core::{StageEvent, StageOutput, StageStatus};\n  \u001b[1m\u001b[94m|\u001b[0m                   \u001b[1m\u001b[33m^^^^^^^^^^\u001b[0m\n\n"}
{"$message_type":"diagnostic","message":"unused import: `crate::events::EventSink`","code":{"code":"unused_imports","explanation":null},"level":"warning","spans":[{"file_name":"stageflow/src/pipeline/dag.rs","byte_start":270,"byte_end":294,"line_start":7,"line_end":7,"column_start":5,"column_end":29,"is_primary":true,"text":[{"text":"use crate::events::EventSink;","highlight_start":5,"highlight_end":29}],"label":null,"suggested_replacement":null,"suggestion_applicability":null,"expansion":null}],"children":[{"message":"remove the whole `use` item","code":null,"level":"help","spans":[{"file_name":"stageflow/src/pipeline/dag.rs","byte_start":266,"byte_end":296,"line_start":7,"line_end":8,"column_start":1,"column_end":1,"is_primary":true,"text":[{"text":"use crate::events::EventSink;","highlight_start":1,"highlight_end":30},{"text":"use std::collections::{HashMap, HashSet};","highlight_start":1,"highlight_end":1}],"label":null,"suggested_replacement":"","suggestion_applicability":"MachineApplicable","expansion":null}],"children":[],"rendered":null}],"rendered":"\u001b[1m\u001b[33mwarning\u001b[0m\u001b[1m: unused import: `crate::events::EventSink`\u001b[0m\n \u001b[1m\u001b[94m--> \u001b[0mstageflow/src/pipeline/dag.rs:7:5\n  \u001b[1m\u001b[94m|\u001b[0m\n\u001b[1m\u001b[94m7\u001b[0m \u001b[1m\u001b[94m|\u001b[0m use crate::events::EventSink;\n  \u001b[1m\u001b[94m|\u001b[0m     \u001b[1m\u001b[33m^^^^^^^^^^^^^^^^^^^^^^^^\u001b[0m\n\n"}
{"$message_type":"diagnostic","message":"unused import: `StageSpec`","code":{"code":"unused_imports","explanation":null},"level":"warning","spans":[{"file_name":"stageflow/src/pipeline/unified.rs","byte_start":83,"byte_end":92,"line_start":3,"line_end":3,"column_start":25,"column_end":34,"is_primary":true,"text":[{"text":"use super::{StageGraph, StageSpec};","highlight_start":25,"highlight_end":34}],"label":null,"suggested_replacement":null,"suggestion_applicability":null,"expansion":null}],"children":[{"message":"remove the unused import","code":null,"level":"help","spans":[{"file_name":"stageflow/src/pipeline/unified.rs","byte_start":81,"byte_end":92,"line_start":3,"line_end":3,"column_start":23,"column_end":34,"is_primary":true,"text":[{"text":"use super::{StageGraph, StageSpec};","highlight_start":23,"highlight_end":34}],"label":null,"suggested_replacement":"","suggestion_applicability":"MachineApplicable","expansion":null},{"file_name":"stageflow/src/pipeline/unified.rs","byte_start":70,"byte_end":71,"line_start":3,"line_end":3,"column_start":12,"column_end":13,"is_primary":true,"text":[{"text":"use super::{StageGraph, StageSpec};","highlight_start":12,"highlight_end":13}],"label":null,"suggested_replacement":"","suggestion_applicability":"MachineApplicable","expansion":null},{"file_name":"stageflow/src/pipeline/unified.rs","byte_start":92,"byte_end":93,"line_start":3,"line_end":3,"column_start":34,"column_end":35,"is_primary":true,"text":[{"text":"use super::{StageGraph, StageSpec};","highlight_start":34,"highlight_end":35}],"label":null,"suggested_replacement":"","suggestion_applicability":"MachineApplicable","expansion":null}],"children":[],"rendered":null}],"rendered":"\u001b[1m\u001b[33mwarning\u001b[0m\u001b[1m: unused import: `StageSpec`\u001b[0m\n \u001b[1m\u001b[94m--> \u001b[0mstageflow/src/pipeline/unified.rs:3:25\n  \u001b[1m\u001b[94m|\u001b[0m\n\u001b[1m\u001b[94m3\u001b[0m \u001b[1m\u001b[94m|\u001b[0m use super::{StageGraph, StageSpec};\n  \u001b[1m\u001b[94m|\u001b[0m                         \u001b[1m\u001b[33m^^^^^^^^^\u001b[0m\n\n"}
{"$message_type":"diagnostic","message":"unused import: `tracing::warn`","code":{"code":"unused_imports","explanation":null},"level":"warning","spans":[{"file_name":"stageflow/src/tools/executor.rs","byte_start":285,"byte_end":298,"line_start":8,"line_end":8,"column_start":5,"column_end":18,"is_primary":true,"text":[{"text":"use tracing::warn;","highlight_start":5,"highlight_end":18}],"label":null,"suggested_replacement":null,"suggestion_applicability":null,"expansion":null}],"children":[{"message":"remove the whole `use` item","code":null,"level":"help","spans":[{"file_name":"stageflow/src/tools/executor.rs","byte_start":281,"byte_end":300,"line_start":8,"line_end":9,"column_start":1,"column_end":1,"is_primary":true,"text":[{"text":"use tracing::warn;","highlight_start":1,"highlight_end":19},{"text":"","highlight_start":1,"highlight_end":1}],"label":null,"suggested_replacement":"","suggestion_applicability":"MachineApplicable","expansion":null}],"children":[],"rendered":null}],"rendered":"\u001b[1m\u001b[33mwarning\u001b[0m\u001b[1m: unused import: `tracing::warn`\u001b[0m\n \u001b[1m\u001b[94m--> \u001b[0mstageflow/src/tools/executor.rs:8:5\n  \u001b[1m\u001b[94m|\u001b[0m\n\u001b[1m\u001b[94m8\u001b[0m \u001b[1m\u001b[94m|\u001b[0m use tracing::warn;\n  \u001b[1m\u001b[94m|\u001b[0m     \u001b[1m\u001b[33m^^^^^^^^^^^^^\u001b[0m\n\n"}
{"$message_type":"diagnostic","message":"unused import: `crate::errors::ToolError`","code":{"code":"unused_imports","explanation":null},"level":"warning","spans":[{"file_name":"stageflow/src/tools/registry.rs","byte_start":79,"byte_end":103,"line_start":4,"line_end":4,"column_start":5,"column_end":29,"is_primary":true,"text":[{"text":"use crate::errors::ToolError;","highlight_start":5,"highlight_end":29}],"label":null,"suggested_replacement":null,"suggestion_applicability":null,"expansion":null}],"children":[{"message":"remove the whole `use` item","code":null,"level":"help","spans":[{"file_name":"stageflow/src/tools/registry.rs","byte_start":75,"byte_end":105,"line_start":4,"line_end":5,"column_start":1,"column_end":1,"is_primary":true,"text":[{"text":"use crate::errors::ToolError;","highlight_start":1,"highlight_end":30},{"text":"use parking_lot::RwLock;","highlight_start":1,"highlight_end":1}],"label":null,"suggested_replacement":"","suggestion_applicability":"MachineApplicable","expansion":null}],"children":[],"rendered":null}],"rendered":"\u001b[1m\u001b[33mwarning\u001b[0m\u001b[1m: unused import: `crate::errors::ToolError`\u001b[0m\n \u001b[1m\u001b[94m--> \u001b[0mstageflow/src/tools/registry.rs:4:5\n  \u001b[1m\u001b[94m|\u001b[0m\n\u001b[1m\u001b[94m4\u001b[0m \u001b[1m\u001b[94m|\u001b[0m use crate::errors::ToolError;\n  \u001b[1m\u001b[94m|\u001b[0m     \u001b[1m\u001b[33m^^^^^^^^^^^^^^^^^^^^^^^^\u001b[0m\n\n"}
{"$message_type":"diagnostic","message":"unused import: `std::str::FromStr`","code":{"code":"unused_imports","explanation":null},"level":"warning","spans":[{"file_name":"stageflow/src/utils/timestamps.rs","byte_start":120,"byte_end":137,"line_start":4,"line_end":4,"column_start":5,"column_end":22,"is_primary":true,"text":[{"text":"use std::str::FromStr;","highlight_start":5,"highlight_end":22}],"label":null,"suggested_replacement":null,"suggestion_applicability":null,"expansion":null}],"children":[{"message":"remove the whole `use` item","code":null,"level":"help","spans":[{"file_name":"stageflow/src/utils/timestamps.rs","byte_start":116,"byte_end":139,"line_start":4,"line_end":5,"column_start":1,"column_end":1,"is_primary":true,"text":[{"text":"use std::str::FromStr;","highlight_start":1,"highlight_end":23},{"text":"use thiserror::Error;","highlight_start":1,"highlight_end":1}],"label":null,"suggested_replacement":"","suggestion_applicability":"MachineApplicable","expansion":null}],"children":[],"rendered":null}],"rendered":"\u001b[1m\u001b[33mwarning\u001b[0m\u001b[1m: unused import: `std::str::FromStr`\u001b[0m\n \u001b[1m\u001b[94m--> \u001b[0mstageflow/src/utils/timestamps.rs:4:5\n  \u001b[1m\u001b[94m|\u001b[0m\n\u001b[1m\u001b[94m4\u001b[0m \u001b[1m\u001b[94m|\u001b[0m use std::str::FromStr;\n  \u001b[1m\u001b[94m|\u001b[0m     \u001b[1m\u001b[33m^^^^^^^^^^^^^^^^^\u001b[0m\n\n"}
{"$message_type":"diagnostic","message":"no method named `is_cancelled` found for struct `Arc<PipelineContext>` in the current scope","code":{"code":"E0599","explanation":"This error occurs when a method is used on a type which doesn't implement it:\n\nErroneous code example:\n\n```compile_fail,E0599\nstruct Mouth;\n\nlet x = Mouth;\nx.chocolate(); // error: no method named `chocolate` found for type `Mouth`\n               //        in the current scope\n```\n\nIn this case, you need to implement the `chocolate` method to fix the error:\n\n```\nstruct Mouth;\n\nimpl Mouth {\n    fn chocolate(&self) { // We implement the `chocolate` method here.\n        println!(\"Hmmm! I love chocolate!\");\n    }\n}\n\nlet x = Mouth;\nx.chocolate(); // ok!\n```\n"},"level":"error","spans":[{"file_name":"stageflow/src/pipeline/dag.rs","byte_start":2307,"byte_end":2319,"line_start":82,"line_end":82,"column_start":20,"column_end":32,"is_primary":true,"text":[{"text":"            if ctx.is_cancelled() {","highlight_start":20,"highlight_end":32}],"label":null,"suggested_replacement":null,"suggestion_applicability":null,"expansion":null}],"children":[{"message":"items from traits can only be used if the trait is in scope","code":null,"level":"help","spans":[],"children":[],"rendered":null},{"message":"trait `ExecutionContext` which provides `is_cancelled` is implemented but not in scope; perhaps you want to import it","code":null,"level":"help","spans":[{"file_name":"stageflow/src/pipeline/dag.rs","byte_start":45,"byte_end":45,"line_start":3,"line_end":3,"column_start":1,"column_end":1,"is_primary":true,"text":[{"text":"use super::StageSpec;","highlight_start":1,"highlight_end":1}],"label":null,"suggested_replacement":"use crate::context::execution::ExecutionContext;\n","suggestion_applicability":"MaybeIncorrect","expansion":null}],"children":[],"rendered":null},{"message":"there is a method `mark_cancelled` with a similar name","code":null,"level":"help","spans":[{"file_name":"stageflow/src/pipeline/dag.rs","byte_start":2307,"byte_end":2319,"line_start":82,"line_end":82,"column_start":20,"column_end":32,"is_primary":true,"text":[{"text":"            if ctx.is_cancelled() {","highlight_start":20,"highlight_end":32}],"label":null,"suggested_replacement":"mark_cancelled","suggestion_applicability":"MaybeIncorrect","expansion":null}],"children":[],"rendered":null}],"rendered":"\u001b[1m\u001b[91merror[E0599]\u001b[0m\u001b[1m: no method named `is_cancelled` found for struct `Arc<PipelineContext>` in the current scope\u001b[0m\n  \u001b[1m\u001b[94m--> \u001b[0mstageflow/src/pipeline/dag.rs:82:20\n   \u001b[1m\u001b[94m|\u001b[0m\n\u001b[1m\u001b[94m82\u001b[0m \u001b[1m\u001b[94m|\u001b[0m             if ctx.is_cancelled() {\n   \u001b[1m\u001b[94m|\u001b[0m                    \u001b[1m\u001b[91m^^^^^^^^^^^^\u001b[0m\n   \u001b[1m\u001b[94m|\u001b[0m\n   \u001b[1m\u001b[94m= \u001b[0m\u001b[1mhelp\u001b[0m: items from traits can only be used if the trait is in scope\n\u001b[1m\u001b[96mhelp\u001b[0m: trait `ExecutionContext` which provides `is_cancelled` is implemented but not in scope; perhaps you want to import it\n   \u001b[1m\u001b[94m|\u001b[0m\n \u001b[1m\u001b[94m3\u001b[0m \u001b[92m+ use crate::context::execution::ExecutionContext;\u001b[0m\n   \u001b[1m\u001b[94m|\u001b[0m\n\u001b[1m\u001b[96mhelp\u001b[0m: there is a method `mark_cancelled` with a similar name\n   \u001b[1m\u001b[94m|\u001b[0m\n\u001b[1m\u001b[94m82\u001b[0m \u001b[91m- \u001b[0m            if ctx.\u001b[91mis_cancelled\u001b[0m() {\n\u001b[1m\u001b[94m82\u001b[0m \u001b[92m+ \u001b[0m            if ctx.\u001b[92mmark_cancelled\u001b[0m() {\n   \u001b[1m\u001b[94m|\u001b[0m\n\n"}
{"$message_type":"diagnostic","message":"no method named `try_emit_event` found for struct `Arc<PipelineContext>` in the current scope","code":{"code":"E0599","explanation":"This error occurs when a method is used on a type which doesn't implement it:\n\nErroneous code example:\n\n```compile_fail,E0599\nstruct Mouth;\n\nlet x = Mouth;\nx.chocolate(); // error: no method named `chocolate` found for type `Mouth`\n               //        in the current scope\n```\n\nIn this case, you need to implement the `chocolate` method to fix the error:\n\n```\nstruct Mouth;\n\nimpl Mouth {\n    fn chocolate(&self) { // We implement the `chocolate` method here.\n        println!(\"Hmmm! I love chocolate!\");\n    }\n}\n\nlet x = Mouth;\nx.chocolate(); // ok!\n```\n"},"level":"error","spans":[{"file_name":"stageflow/src/pipeline/dag.rs","byte_start":3290,"byte_end":3294,"line_start":112,"line_end":112,"column_start":13,"column_end":17,"is_primary":false,"text":[{"text":"            ctx.try_emit_event(","highlight_start":13,"highlight_end":17}],"label":"","suggested_replacement":null,"suggestion_applicability":null,"expansion":null},{"file_name":"stageflow/src/pipeline/dag.rs","byte_start":3294,"byte_end":3308,"line_start":112,"line_end":112,"column_start":17,"column_end":31,"is_primary":true,"text":[{"text":"            ctx.try_emit_event(","highlight_start":17,"highlight_end":31}],"label":"method not found in `Arc<PipelineContext>`","suggested_replacement":null,"suggestion_applicability":null,"expansion":null}],"children":[{"message":"items from traits can only be used if the trait is in scope","code":null,"level":"help","spans":[],"children":[],"rendered":null},{"message":"trait `ExecutionContext` which provides `try_emit_event` is implemented but not in scope; perhaps you want to import it","code":null,"level":"help","spans":[{"file_name":"stageflow/src/pipeline/dag.rs","byte_start":45,"byte_end":45,"line_start":3,"line_end":3,"column_start":1,"column_end":1,"is_primary":true,"text":[{"text":"use super::StageSpec;","highlight_start":1,"highlight_end":1}],"label":null,"suggested_replacement":"use crate::context::execution::ExecutionContext;\n","suggestion_applicability":"MaybeIncorrect","expansion":null}],"children":[],"rendered":null}],"rendered":"\u001b[1m\u001b[91merror[E0599]\u001b[0m\u001b[1m: no method named `try_emit_event` found for struct `Arc<PipelineContext>` in the current scope\u001b[0m\n   \u001b[1m\u001b[94m--> \u001b[0mstageflow/src/pipeline/dag.rs:112:17\n    \u001b[1m\u001b[94m|\u001b[0m\n\u001b[1m\u001b[94m112\u001b[0m \u001b[1m\u001b[94m|\u001b[0m             ctx.try_emit_event(\n    \u001b[1m\u001b[94m|\u001b[0m             \u001b[1m\u001b[94m----\u001b[0m\u001b[1m\u001b[91m^^^^^^^^^^^^^^\u001b[0m \u001b[1m\u001b[91mmethod not found in `Arc<PipelineContext>`\u001b[0m\n    \u001b[1m\u001b[94m|\u001b[0m\n    \u001b[1m\u001b[94m= \u001b[0m\u001b[1mhelp\u001b[0m: items from traits can only be used if the trait is in scope\n\u001b[1m\u001b[96mhelp\u001b[0m: trait `ExecutionContext` which provides `try_emit_event` is implemented but not in scope; perhaps you want to import it\n    \u001b[1m\u001b[94m|\u001b[0m\n  \u001b[1m\u001b[94m3\u001b[0m \u001b[92m+ use crate::context::execution::ExecutionContext;\u001b[0m\n    \u001b[1m\u001b[94m|\u001b[0m\n\n"}
{"$message_type":"diagnostic","message":"no method named `try_emit_event` found for struct `Arc<PipelineContext>` in the current scope","code":{"code":"E0599","explanation":"This error occurs when a method is used on a type which doesn't implement it:\n\nErroneous code example:\n\n```compile_fail,E0599\nstruct Mouth;\n\nlet x = Mouth;\nx.chocolate(); // error: no method named `chocolate` found for type `Mouth`\n               //        in the current scope\n```\n\nIn this case, you need to implement the `chocolate` method to fix the error:\n\n```\nstruct Mouth;\n\nimpl Mouth {\n    fn chocolate(&self) { // We implement the `chocolate` method here.\n        println!(\"Hmmm! I love chocolate!\");\n    }\n}\n\nlet x = Mouth;\nx.chocolate(); // ok!\n```\n"},"level":"error","spans":[{"file_name":"stageflow/src/pipeline/dag.rs","byte_start":3830,"byte_end":3834,"line_start":128,"line_end":128,"column_start":21,"column_end":25,"is_primary":false,"text":[{"text":"                    ctx.try_emit_event(","highlight_start":21,"highlight_end":25}],"label":"","suggested_replacement":null,"suggestion_applicability":null,"expansion":null},{"file_name":"stageflow/src/pipeline/dag.rs","byte_start":3834,"byte_end":3848,"line_start":128,"line_end":128,"column_start":25,"column_end":39,"is_primary":true,"text":[{"text":"                    ctx.try_emit_event(","highlight_start":25,"highlight_end":39}],"label":"method not found in `Arc<PipelineContext>`","suggested_replacement":null,"suggestion_applicability":null,"expansion":null}],"children":[{"message":"items from traits can only be used if the trait is in scope","code":null,"level":"help","spans":[],"children":[],"rendered":null},{"message":"trait `ExecutionContext` which provides `try_emit_event` is implemented but not in scope; perhaps you want to import it","code":null,"level":"help","spans":[{"file_name":"stageflow/src/pipeline/dag.rs","byte_start":45,"byte_end":45,"line_start":3,"line_end":3,"column_start":1,"column_end":1,"is_primary":true,"text":[{"text":"use super::StageSpec;","highlight_start":1,"highlight_end":1}],"label":null,"suggested_replacement":"use crate::context::execution::ExecutionContext;\n","suggestion_applicability":"MaybeIncorrect","expansion":null}],"children":[],"rendered":null}],"rendered":"\u001b[1m\u001b[91merror[E0599]\u001b[0m\u001b[1m: no method named `try_emit_event` found for struct `Arc<PipelineContext>` in the current scope\u001b[0m\n   \u001b[1m\u001b[94m--> \u001b[0mstageflow/src/pipeline/dag.rs:128:25\n    \u001b[1m\u001b[94m|\u001b[0m\n\u001b[1m\u001b[94m128\u001b[0m \u001b[1m\u001b[94m|\u001b[0m                     ctx.try_emit_event(\n    \u001b[1m\u001b[94m|\u001b[0m                     \u001b[1m\u001b[94m----\u001b[0m\u001b[1m\u001b[91m^^^^^^^^^^^^^^\u001b[0m \u001b[1m\u001b[91mmethod not found in `Arc<PipelineContext>`\u001b[0m\n    \u001b[1m\u001b[94m|\u001b[0m\n    \u001b[1m\u001b[94m= \u001b[0m\u001b[1mhelp\u001b[0m: items from traits can only be used if the trait is in scope\n\u001b[1m\u001b[96mhelp\u001b[0m: trait `ExecutionContext` which provides `try_emit_event` is implemented but not in scope; perhaps you want to import it\n    \u001b[1m\u001b[94m|\u001b[0m\n  \u001b[1m\u001b[94m3\u001b[0m \u001b[92m+ use crate::context::execution::ExecutionContext;\u001b[0m\n    \u001b[1m\u001b[94m|\u001b[0m\n\n"}
{"$message_type":"diagnostic","message":"no method named `try_emit_event` found for struct `Arc<PipelineContext>` in the current scope","code":{"code":"E0599","explanation":"This error occurs when a method is used on a type which doesn't implement it:\n\nErroneous code example:\n\n```compile_fail,E0599\nstruct Mouth;\n\nlet x = Mouth;\nx.chocolate(); // error: no method named `chocolate` found for type `Mouth`\n               //        in the current scope\n```\n\nIn this case, you need to implement the `chocolate` method to fix the error:\n\n```\nstruct Mouth;\n\nimpl Mouth {\n    fn chocolate(&self) { // We implement the `chocolate` method here.\n        println!(\"Hmmm! I love chocolate!\");\n    }\n}\n\nlet x = Mouth;\nx.chocolate(); // ok!\n```\n"},"level":"error","spans":[{"file_name":"stageflow/src/pipeline/dag.rs","byte_start":4182,"byte_end":4186,"line_start":137,"line_end":137,"column_start":21,"column_end":25,"is_primary":false,"text":[{"text":"                    ctx.try_emit_event(","highlight_start":21,"highlight_end":25}],"label":"","suggested_replacement":null,"suggestion_applicability":null,"expansion":null},{"file_name":"stageflow/src/pipeline/dag.rs","byte_start":4186,"byte_end":4200,"line_start":137,"line_end":137,"column_start":25,"column_end":39,"is_primary":true,"text":[{"text":"                    ctx.try_emit_event(","highlight_start":25,"highlight_end":39}],"label":"method not found in `Arc<PipelineContext>`","suggested_replacement":null,"suggestion_applicability":null,"expansion":null}],"children":[{"message":"items from traits can only be used if the trait is in scope","code":null,"level":"help","spans":[],"children":[],"rendered":null},{"message":"trait `ExecutionContext` which provides `try_emit_event` is implemented but not in scope; perhaps you want to import it","code":null,"level":"help","spans":[{"file_name":"stageflow/src/pipeline/dag.rs","byte_start":45,"byte_end":45,"line_start":3,"line_end":3,"column_start":1,"column_end":1,"is_primary":true,"text":[{"text":"use super::StageSpec;","highlight_start":1,"highlight_end":1}],"label":null,"suggested_replacement":"use crate::context::execution::ExecutionContext;\n","suggestion_applicability":"MaybeIncorrect","expansion":null}],"children":[],"rendered":null}],"rendered":"\u001b[1m\u001b[91merror[E0599]\u001b[0m\u001b[1m: no method named `try_emit_event` found for struct `Arc<PipelineContext>` in the current scope\u001b[0m\n   \u001b[1m\u001b[94m--> \u001b[0mstageflow/src/pipeline/dag.rs:137:25\n    \u001b[1m\u001b[94m|\u001b[0m\n\u001b[1m\u001b[94m137\u001b[0m \u001b[1m\u001b[94m|\u001b[0m                     ctx.try_emit_event(\n    \u001b[1m\u001b[94m|\u001b[0m                     \u001b[1m\u001b[94m----\u001b[0m\u001b[1m\u001b[91m^^^^^^^^^^^^^^\u001b[0m \u001b[1m\u001b[91mmethod not found in `Arc<PipelineContext>`\u001b[0m\n    \u001b[1m\u001b[94m|\u001b[0m\n    \u001b[1m\u001b[94m= \u001b[0m\u001b[1mhelp\u001b[0m: items from traits can only be used if the trait is in scope\n\u001b[1m\u001b[96mhelp\u001b[0m: trait `ExecutionContext` which provides `try_emit_event` is implemented but not in scope; perhaps you want to import it\n    \u001b[1m\u001b[94m|\u001b[0m\n  \u001b[1m\u001b[94m3\u001b[0m \u001b[92m+ use crate::context::execution::ExecutionContext;\u001b[0m\n    \u001b[1m\u001b[94m|\u001b[0m\n\n"}
{"$message_type":"diagnostic","message":"no method named `try_emit_event` found for struct `Arc<PipelineContext>` in the current scope","code":{"code":"E0599","explanation":"This error occurs when a method is used on a type which doesn't implement it:\n\nErroneous code example:\n\n```compile_fail,E0599\nstruct Mouth;\n\nlet x = Mouth;\nx.chocolate(); // error: no method named `chocolate` found for type `Mouth`\n               //        in the current scope\n```\n\nIn this case, you need to implement the `chocolate` method to fix the error:\n\n```\nstruct Mouth;\n\nimpl Mouth {\n    fn chocolate(&self) { // We implement the `chocolate` method here.\n        println!(\"Hmmm! I love chocolate!\");\n    }\n}\n\nlet x = Mouth;\nx.chocolate(); // ok!\n```\n"},"level":"error","spans":[{"file_name":"stageflow/src/pipeline/dag.rs","byte_start":4528,"byte_end":4532,"line_start":146,"line_end":146,"column_start":21,"column_end":25,"is_primary":false,"text":[{"text":"                    ctx.try_emit_event(","highlight_start":21,"highlight_end":25}],"label":"","suggested_replacement":null,"suggestion_applicability":null,"expansion":null},{"file_name":"stageflow/src/pipeline/dag.rs","byte_start":4532,"byte_end":4546,"line_start":146,"line_end":146,"column_start":25,"column_end":39,"is_primary":true,"text":[{"text":"                    ctx.try_emit_event(","highlight_start":25,"highlight_end":39}],"label":"method not found in `Arc<PipelineContext>`","suggested_replacement":null,"suggestion_applicability":null,"expansion":null}],"children":[{"message":"items from traits can only be used if the trait is in scope","code":null,"level":"help","spans":[],"children":[],"rendered":null},{"message":"trait `ExecutionContext` which provides `try_emit_event` is implemented but not in scope; perhaps you want to import it","code":null,"level":"help","spans":[{"file_name":"stageflow/src/pipeline/dag.rs","byte_start":45,"byte_end":45,"line_start":3,"line_end":3,"column_start":1,"column_end":1,"is_primary":true,"text":[{"text":"use super::StageSpec;","highlight_start":1,"highlight_end":1}],"label":null,"suggested_replacement":"use crate::context::execution::ExecutionContext;\n","suggestion_applicability":"MaybeIncorrect","expansion":null}],"children":[],"rendered":null}],"rendered":"\u001b[1m\u001b[91merror[E0599]\u001b[0m\u001b[1m: no method named `try_emit_event` found for struct `Arc<PipelineContext>` in the current scope\u001b[0m\n   \u001b[1m\u001b[94m--> \u001b[0mstageflow/src/pipeline/dag.rs:146:25\n    \u001b[1m\u001b[94m|\u001b[0m\n\u001b[1m\u001b[94m146\u001b[0m \u001b[1m\u001b[94m|\u001b[0m                     ctx.try_emit_event(\n    \u001b[1m\u001b[94m|\u001b[0m                     \u001b[1m\u001b[94m----\u001b[0m\u001b[1m\u001b[91m^^^^^^^^^^^^^^\u001b[0m \u001b[1m\u001b[91mmethod not found in `Arc<PipelineContext>`\u001b[0m\n    \u001b[1m\u001b[94m|\u001b[0m\n    \u001b[1m\u001b[94m= \u001b[0m\u001b[1mhelp\u001b[0m: items from traits can only be used if the trait is in scope\n\u001b[1m\u001b[96mhelp\u001b[0m: trait `ExecutionContext` which provides `try_emit_event` is implemented but not in scope; perhaps you want to import it\n    \u001b[1m\u001b[94m|\u001b[0m\n  \u001b[1m\u001b[94m3\u001b[0m \u001b[92m+ use crate::context::execution::ExecutionContext;\u001b[0m\n    \u001b[1m\u001b[94m|\u001b[0m\n\n"}
{"$message_type":"diagnostic","message":"no method named `try_emit_event` found for struct `Arc<PipelineContext>` in the current scope","code":{"code":"E0599","explanation":"This error occurs when a method is used on a type which doesn't implement it:\n\nErroneous code example:\n\n```compile_fail,E0599\nstruct Mouth;\n\nlet x = Mouth;\nx.chocolate(); // error: no method named `chocolate` found for type `Mouth`\n               //        in the current scope\n```\n\nIn this case, you need to implement the `chocolate` method to fix the error:\n\n```\nstruct Mouth;\n\nimpl Mouth {\n    fn chocolate(&self) { // We implement the `chocolate` method here.\n        println!(\"Hmmm! I love chocolate!\");\n    }\n}\n\nlet x = Mouth;\nx.chocolate(); // ok!\n```\n"},"level":"error","spans":[{"file_name":"stageflow/src/pipeline/dag.rs","byte_start":5302,"byte_end":5306,"line_start":165,"line_end":165,"column_start":21,"column_end":25,"is_primary":false,"text":[{"text":"                    ctx.try_emit_event(","highlight_start":21,"highlight_end":25}],"label":"","suggested_replacement":null,"suggestion_applicability":null,"expansion":null},{"file_name":"stageflow/src/pipeline/dag.rs","byte_start":5306,"byte_end":5320,"line_start":165,"line_end":165,"column_start":25,"column_end":39,"is_primary":true,"text":[{"text":"                    ctx.try_emit_event(","highlight_start":25,"highlight_end":39}],"label":"method not found in `Arc<PipelineContext>`","suggested_replacement":null,"suggestion_applicability":null,"expansion":null}],"children":[{"message":"items from traits can only be used if the trait is in scope","code":null,"level":"help","spans":[],"children":[],"rendered":null},{"message":"trait `ExecutionContext` which provides `try_emit_event` is implemented but not in scope; perhaps you want to import it","code":null,"level":"help","spans":[{"file_name":"stageflow/src/pipeline/dag.rs","byte_start":45,"byte_end":45,"line_start":3,"line_end":3,"column_start":1,"column_end":1,"is_primary":true,"text":[{"text":"use super::StageSpec;","highlight_start":1,"highlight_end":1}],"label":null,"suggested_replacement":"use crate::context::execution::ExecutionContext;\n","suggestion_applicability":"MaybeIncorrect","expansion":null}],"children":[],"rendered":null}],"rendered":"\u001b[1m\u001b[91merror[E0599]\u001b[0m\u001b[1m: no method named `try_emit_event` found for struct `Arc<PipelineContext>` in the current scope\u001b[0m\n   \u001b[1m\u001b[94m--> \u001b[0mstageflow/src/pipeline/dag.rs:165:25\n    \u001b[1m\u001b[94m|\u001b[0m\n\u001b[1m\u001b[94m165\u001b[0m \u001b[1m\u001b[94m|\u001b[0m                     ctx.try_emit_event(\n    \u001b[1m\u001b[94m|\u001b[0m                     \u001b[1m\u001b[94m----\u001b[0m\u001b[1m\u001b[91m^^^^^^^^^^^^^^\u001b[0m \u001b[1m\u001b[91mmethod not found in `Arc<PipelineContext>`\u001b[0m\n    \u001b[1m\u001b[94m|\u001b[0m\n    \u001b[1m\u001b[94m= \u001b[0m\u001b[1mhelp\u001b[0m: items from traits can only be used if the trait is in scope\n\u001b[1m\u001b[96mhelp\u001b[0m: trait `ExecutionContext` which provides `try_emit_event` is implemented but not in scope; perhaps you want to import it\n    \u001b[1m\u001b[94m|\u001b[0m\n  \u001b[1m\u001b[94m3\u001b[0m \u001b[92m+ use crate::context::execution::ExecutionContext;\u001b[0m\n    \u001b[1m\u001b[94m|\u001b[0m\n\n"}
{"$message_type":"diagnostic","message":"no method named `is_cancelled` found for struct `Arc<PipelineContext>` in the current scope","code":{"code":"E0599","explanation":"This error occurs when a method is used on a type which doesn't implement it:\n\nErroneous code example:\n\n```compile_fail,E0599\nstruct Mouth;\n\nlet x = Mouth;\nx.chocolate(); // error: no method named `chocolate` found for type `Mouth`\n               //        in the current scope\n```\n\nIn this case, you need to implement the `chocolate` method to fix the error:\n\n```\nstruct Mouth;\n\nimpl Mouth {\n    fn chocolate(&self) { // We implement the `chocolate` method here.\n        println!(\"Hmmm! I love chocolate!\");\n    }\n}\n\nlet x = Mouth;\nx.chocolate(); // ok!\n```\n"},"level":"error","spans":[{"file_name":"stageflow/src/pipeline/unified.rs","byte_start":2658,"byte_end":2670,"line_start":87,"line_end":87,"column_start":20,"column_end":32,"is_primary":true,"text":[{"text":"            if ctx.is_cancelled() {","highlight_start":20,"highlight_end":32}],"label":null,"suggested_replacement":null,"suggestion_applicability":null,"expansion":null}],"children":[{"message":"items from traits can only be used if the trait is in scope","code":null,"level":"help","spans":[],"children":[],"rendered":null},{"message":"trait `ExecutionContext` which provides `is_cancelled` is implemented but not in scope; perhaps you want to import it","code":null,"level":"help","spans":[{"file_name":"stageflow/src/pipeline/unified.rs","byte_start":59,"byte_end":59,"line_start":3,"line_end":3,"column_start":1,"column_end":1,"is_primary":true,"text":[{"text":"use super::{StageGraph, StageSpec};","highlight_start":1,"highlight_end":1}],"label":null,"suggested_replacement":"use crate::context::execution::ExecutionContext;\n","suggestion_applicability":"MaybeIncorrect","expansion":null}],"children":[],"rendered":null},{"message":"there is a method `mark_cancelled` with a similar name","code":null,"level":"help","spans":[{"file_name":"stageflow/src/pipeline/unified.rs","byte_start":2658,"byte_end":2670,"line_start":87,"line_end":87,"column_start":20,"column_end":32,"is_primary":true,"text":[{"text":"            if ctx.is_cancelled() {","highlight_start":20,"highlight_end":32}],"label":null,"suggested_replacement":"mark_cancelled","suggestion_applicability":"MaybeIncorrect","expansion":null}],"children":[],"rendered":null}],"rendered":"\u001b[1m\u001b[91merror[E0599]\u001b[0m\u001b[1m: no method named `is_cancelled` found for struct `Arc<PipelineContext>` in the current scope\u001b[0m\n  \u001b[1m\u001b[94m--> \u001b[0mstageflow/src/pipeline/unified.rs:87:20\n   \u001b[1m\u001b[94m|\u001b[0m\n\u001b[1m\u001b[94m87\u001b[0m \u001b[1m\u001b[94m|\u001b[0m             if ctx.is_cancelled() {\n   \u001b[1m\u001b[94m|\u001b[0m                    \u001b[1m\u001b[91m^^^^^^^^^^^^\u001b[0m\n   \u001b[1m\u001b[94m|\u001b[0m\n   \u001b[1m\u001b[94m= \u001b[0m\u001b[1mhelp\u001b[0m: items from traits can only be used if the trait is in scope\n\u001b[1m\u001b[96mhelp\u001b[0m: trait `ExecutionContext` which provides `is_cancelled` is implemented but not in scope; perhaps you want to import it\n   \u001b[1m\u001b[94m|\u001b[0m\n \u001b[1m\u001b[94m3\u001b[0m \u001b[92m+ use crate::context::execution::ExecutionContext;\u001b[0m\n   \u001b[1m\u001b[94m|\u001b[0m\n\u001b[1m\u001b[96mhelp\u001b[0m: there is a method `mark_cancelled` with a similar name\n   \u001b[1m\u001b[94m|\u001b[0m\n\u001b[1m\u001b[94m87\u001b[0m \u001b[91m- \u001b[0m            if ctx.\u001b[91mis_cancelled\u001b[0m() {\n\u001b[1m\u001b[94m87\u001b[0m \u001b[92m+ \u001b[0m            if ctx.\u001b[92mmark_cancelled\u001b[0m() {\n   \u001b[1m\u001b[94m|\u001b[0m\n\n"}
{"$message_type":"diagnostic","message":"no method named `try_emit_event` found for struct `Arc<PipelineContext>` in the current scope","code":{"code":"E0599","explanation":"This error occurs when a method is used on a type which doesn't implement it:\n\nErroneous code example:\n\n```compile_fail,E0599\nstruct Mouth;\n\nlet x = Mouth;\nx.chocolate(); // error: no method named `chocolate` found for type `Mouth`\n               //        in the current scope\n```\n\nIn this case, you need to implement the `chocolate` method to fix the error:\n\n```\nstruct Mouth;\n\nimpl Mouth {\n    fn chocolate(&self) { // We implement the `chocolate` method here.\n        println!(\"Hmmm! I love chocolate!\");\n    }\n}\n\nlet x = Mouth;\nx.chocolate(); // ok!\n```\n"},"level":"error","spans":[{"file_name":"stageflow/src/pipeline/unified.rs","byte_start":2691,"byte_end":2695,"line_start":88,"line_end":88,"column_start":17,"column_end":21,"is_primary":false,"text":[{"text":"                ctx.try_emit_event(","highlight_start":17,"highlight_end":21}],"label":"","suggested_replacement":null,"suggestion_applicability":null,"expansion":null},{"file_name":"stageflow/src/pipeline/unified.rs","byte_start":2695,"byte_end":2709,"line_start":88,"line_end":88,"column_start":21,"column_end":35,"is_primary":true,"text":[{"text":"                ctx.try_emit_event(","highlight_start":21,"highlight_end":35}],"label":"method not found in `Arc<PipelineContext>`","suggested_replacement":null,"suggestion_applicability":null,"expansion":null}],"children":[{"message":"items from traits can only be used if the trait is in scope","code":null,"level":"help","spans":[],"children":[],"rendered":null},{"message":"trait `ExecutionContext` which provides `try_emit_event` is implemented but not in scope; perhaps you want to import it","code":null,"level":"help","spans":[{"file_name":"stageflow/src/pipeline/unified.rs","byte_start":59,"byte_end":59,"line_start":3,"line_end":3,"column_start":1,"column_end":1,"is_primary":true,"text":[{"text":"use super::{StageGraph, StageSpec};","highlight_start":1,"highlight_end":1}],"label":null,"suggested_replacement":"use crate::context::execution::ExecutionContext;\n","suggestion_applicability":"MaybeIncorrect","expansion":null}],"children":[],"rendered":null}],"rendered":"\u001b[1m\u001b[91merror[E0599]\u001b[0m\u001b[1m: no method named `try_emit_event` found for struct `Arc<PipelineContext>` in the current scope\u001b[0m\n  \u001b[1m\u001b[94m--> \u001b[0mstageflow/src/pipeline/unified.rs:88:21\n   \u001b[1m\u001b[94m|\u001b[0m\n\u001b[1m\u001b[94m88\u001b[0m \u001b[1m\u001b[94m|\u001b[0m                 ctx.try_emit_event(\n   \u001b[1m\u001b[94m|\u001b[0m                 \u001b[1m\u001b[94m----\u001b[0m\u001b[1m\u001b[91m^^^^^^^^^^^^^^\u001b[0m \u001b[1m\u001b[91mmethod not found in `Arc<PipelineContext>`\u001b[0m\n   \u001b[1m\u001b[94m|\u001b[0m\n   \u001b[1m\u001b[94m= \u001b[0m\u001b[1mhelp\u001b[0m: items from traits can only be used if the trait is in scope\n\u001b[1m\u001b[96mhelp\u001b[0m: trait `ExecutionContext` which provides `try_emit_event` is implemented but not in scope; perhaps you want to import it\n   \u001b[1m\u001b[94m|\u001b[0m\n \u001b[1m\u001b[94m3\u001b[0m \u001b[92m+ use crate::context::execution::ExecutionContext;\u001b[0m\n   \u001b[1m\u001b[94m|\u001b[0m\n\n"}
{"$message_type":"diagnostic","message":"no method named `try_emit_event` found for struct `Arc<PipelineContext>` in the current scope","code":{"code":"E0599","explanation":"This error occurs when a method is used on a type which doesn't implement it:\n\nErroneous code example:\n\n```compile_fail,E0599\nstruct Mouth;\n\nlet x = Mouth;\nx.chocolate(); // error: no method named `chocolate` found for type `Mouth`\n               //        in the current scope\n```\n\nIn this case, you need to implement the `chocolate` method to fix the error:\n\n```\nstruct Mouth;\n\nimpl Mouth {\n    fn chocolate(&self) { // We implement the `chocolate` method here.\n        println!(\"Hmmm! I love chocolate!\");\n    }\n}\n\nlet x = Mouth;\nx.chocolate(); // ok!\n```\n"},"level":"error","spans":[{"file_name":"stageflow/src/pipeline/unified.rs","byte_start":3436,"byte_end":3440,"line_start":109,"line_end":109,"column_start":17,"column_end":21,"is_primary":false,"text":[{"text":"                ctx.try_emit_event(","highlight_start":17,"highlight_end":21}],"label":"","suggested_replacement":null,"suggestion_applicability":null,"expansion":null},{"file_name":"stageflow/src/pipeline/unified.rs","byte_start":3440,"byte_end":3454,"line_start":109,"line_end":109,"column_start":21,"column_end":35,"is_primary":true,"text":[{"text":"                ctx.try_emit_event(","highlight_start":21,"highlight_end":35}],"label":"method not found in `Arc<PipelineContext>`","suggested_replacement":null,"suggestion_applicability":null,"expansion":null}],"children":[{"message":"items from traits can only be used if the trait is in scope","code":null,"level":"help","spans":[],"children":[],"rendered":null},{"message":"trait `ExecutionContext` which provides `try_emit_event` is implemented but not in scope; perhaps you want to import it","code":null,"level":"help","spans":[{"file_name":"stageflow/src/pipeline/unified.rs","byte_start":59,"byte_end":59,"line_start":3,"line_end":3,"column_start":1,"column_end":1,"is_primary":true,"text":[{"text":"use super::{StageGraph, StageSpec};","highlight_start":1,"highlight_end":1}],"label":null,"suggested_replacement":"use crate::context::execution::ExecutionContext;\n","suggestion_applicability":"MaybeIncorrect","expansion":null}],"children":[],"rendered":null}],"rendered":"\u001b[1m\u001b[91merror[E0599]\u001b[0m\u001b[1m: no method named `try_emit_event` found for struct `Arc<PipelineContext>` in the current scope\u001b[0m\n   \u001b[1m\u001b[94m--> \u001b[0mstageflow/src/pipeline/unified.rs:109:21\n    \u001b[1m\u001b[94m|\u001b[0m\n\u001b[1m\u001b[94m109\u001b[0m \u001b[1m\u001b[94m|\u001b[0m                 ctx.try_emit_event(\n    \u001b[1m\u001b[94m|\u001b[0m                 \u001b[1m\u001b[94m----\u001b[0m\u001b[1m\u001b[91m^^^^^^^^^^^^^^\u001b[0m \u001b[1m\u001b[91mmethod not found in `Arc<PipelineContext>`\u001b[0m\n    \u001b[1m\u001b[94m|\u001b[0m\n    \u001b[1m\u001b[94m= \u001b[0m\u001b[1mhelp\u001b[0m: items from traits can only be used if the trait is in scope\n\u001b[1m\u001b[96mhelp\u001b[0m: trait `ExecutionContext` which provides `try_emit_event` is implemented but not in scope; perhaps you want to import it\n    \u001b[1m\u001b[94m|\u001b[0m\n  \u001b[1m\u001b[94m3\u001b[0m \u001b[92m+ use crate::context::execution::ExecutionContext;\u001b[0m\n    \u001b[1m\u001b[94m|\u001b[0m\n\n"}
{"$message_type":"diagnostic","message":"no method named `try_emit_event` found for struct `Arc<PipelineContext>` in the current scope","code":{"code":"E0599","explanation":"This error occurs when a method is used on a type which doesn't implement it:\n\nErroneous code example:\n\n```compile_fail,E0599\nstruct Mouth;\n\nlet x = Mouth;\nx.chocolate(); // error: no method named `chocolate` found for type `Mouth`\n               //        in the current scope\n```\n\nIn this case, you need to implement the `chocolate` method to fix the error:\n\n```\nstruct Mouth;\n\nimpl Mouth {\n    fn chocolate(&self) { // We implement the `chocolate` method here.\n        println!(\"Hmmm! I love chocolate!\");\n    }\n}\n\nlet x = Mouth;\nx.chocolate(); // ok!\n```\n"},"level":"error","spans":[{"file_name":"stageflow/src/pipeline/unified.rs","byte_start":4299,"byte_end":4303,"line_start":134,"line_end":134,"column_start":13,"column_end":17,"is_primary":false,"text":[{"text":"            ctx.try_emit_event(","highlight_start":13,"highlight_end":17}],"label":"","suggested_replacement":null,"suggestion_applicability":null,"expansion":null},{"file_name":"stageflow/src/pipeline/unified.rs","byte_start":4303,"byte_end":4317,"line_start":134,"line_end":134,"column_start":17,"column_end":31,"is_primary":true,"text":[{"text":"            ctx.try_emit_event(","highlight_start":17,"highlight_end":31}],"label":"method not found in `Arc<PipelineContext>`","suggested_replacement":null,"suggestion_applicability":null,"expansion":null}],"children":[{"message":"items from traits can only be used if the trait is in scope","code":null,"level":"help","spans":[],"children":[],"rendered":null},{"message":"trait `ExecutionContext` which provides `try_emit_event` is implemented but not in scope; perhaps you want to import it","code":null,"level":"help","spans":[{"file_name":"stageflow/src/pipeline/unified.rs","byte_start":59,"byte_end":59,"line_start":3,"line_end":3,"column_start":1,"column_end":1,"is_primary":true,"text":[{"text":"use super::{StageGraph, StageSpec};","highlight_start":1,"highlight_end":1}],"label":null,"suggested_replacement":"use crate::context::execution::ExecutionContext;\n","suggestion_applicability":"MaybeIncorrect","expansion":null}],"children":[],"rendered":null}],"rendered":"\u001b[1m\u001b[91merror[E0599]\u001b[0m\u001b[1m: no method named `try_emit_event` found for struct `Arc<PipelineContext>` in the current scope\u001b[0m\n   \u001b[1m\u001b[94m--> \u001b[0mstageflow/src/pipeline/unified.rs:134:17\n    \u001b[1m\u001b[94m|\u001b[0m\n\u001b[1m\u001b[94m134\u001b[0m \u001b[1m\u001b[94m|\u001b[0m             ctx.try_emit_event(\n    \u001b[1m\u001b[94m|\u001b[0m             \u001b[1m\u001b[94m----\u001b[0m\u001b[1m\u001b[91m^^^^^^^^^^^^^^\u001b[0m \u001b[1m\u001b[91mmethod not found in `Arc<PipelineContext>`\u001b[0m\n    \u001b[1m\u001b[94m|\u001b[0m\n    \u001b[1m\u001b[94m= \u001b[0m\u001b[1mhelp\u001b[0m: items from traits can only be used if the trait is in scope\n\u001b[1m\u001b[96mhelp\u001b[0m: trait `ExecutionContext` which provides `try_emit_event` is implemented but not in scope; perhaps you want to import it\n    \u001b[1m\u001b[94m|\u001b[0m\n  \u001b[1m\u001b[94m3\u001b[0m \u001b[92m+ use crate::context::execution::ExecutionContext;\u001b[0m\n    \u001b[1m\u001b[94m|\u001b[0m\n\n"}
{"$message_type":"diagnostic","message":"no method named `try_emit_event` found for struct `Arc<PipelineContext>` in the current scope","code":{"code":"E0599","explanation":"This error occurs when a method is used on a type which doesn't implement it:\n\nErroneous code example:\n\n```compile_fail,E0599\nstruct Mouth;\n\nlet x = Mouth;\nx.chocolate(); // error: no method named `chocolate` found for type `Mouth`\n               //        in the current scope\n```\n\nIn this case, you need to implement the `chocolate` method to fix the error:\n\n```\nstruct Mouth;\n\nimpl Mouth {\n    fn chocolate(&self) { // We implement the `chocolate` method here.\n        println!(\"Hmmm! I love chocolate!\");\n    }\n}\n\nlet x = Mouth;\nx.chocolate(); // ok!\n```\n"},"level":"error","spans":[{"file_name":"stageflow/src/pipeline/unified.rs","byte_start":5167,"byte_end":5171,"line_start":155,"line_end":155,"column_start":21,"column_end":25,"is_primary":false,"text":[{"text":"                    ctx.try_emit_event(","highlight_start":21,"highlight_end":25}],"label":"","suggested_replacement":null,"suggestion_applicability":null,"expansion":null},{"file_name":"stageflow/src/pipeline/unified.rs","byte_start":5171,"byte_end":5185,"line_start":155,"line_end":155,"column_start":25,"column_end":39,"is_primary":true,"text":[{"text":"                    ctx.try_emit_event(","highlight_start":25,"highlight_end":39}],"label":"method not found in `Arc<PipelineContext>`","suggested_replacement":null,"suggestion_applicability":null,"expansion":null}],"children":[{"message":"items from traits can only be used if the trait is in scope","code":null,"level":"help","spans":[],"children":[],"rendered":null},{"message":"trait `ExecutionContext` which provides `try_emit_event` is implemented but not in scope; perhaps you want to import it","code":null,"level":"help","spans":[{"file_name":"stageflow/src/pipeline/unified.rs","byte_start":59,"byte_end":59,"line_start":3,"line_end":3,"column_start":1,"column_end":1,"is_primary":true,"text":[{"text":"use super::{StageGraph, StageSpec};","highlight_start":1,"highlight_end":1}],"label":null,"suggested_replacement":"use crate::context::execution::ExecutionContext;\n","suggestion_applicability":"MaybeIncorrect","expansion":null}],"children":[],"rendered":null}],"rendered":"\u001b[1m\u001b[91merror[E0599]\u001b[0m\u001b[1m: no method named `try_emit_event` found for struct `Arc<PipelineContext>` in the current scope\u001b[0m\n   \u001b[1m\u001b[94m--> \u001b[0mstageflow/src/pipeline/unified.rs:155:25\n    \u001b[1m\u001b[94m|\u001b[0m\n\u001b[1m\u001b[94m155\u001b[0m \u001b[1m\u001b[94m|\u001b[0m                     ctx.try_emit_event(\n    \u001b[1m\u001b[94m|\u001b[0m                     \u001b[1m\u001b[94m----\u001b[0m\u001b[1m\u001b[91m^^^^^^^^^^^^^^\u001b[0m \u001b[1m\u001b[91mmethod not found in `Arc<PipelineContext>`\u001b[0m\n    \u001b[1m\u001b[94m|\u001b[0m\n    \u001b[1m\u001b[94m= \u001b[0m\u001b[1mhelp\u001b[0m: items from traits can only be used if the trait is in scope\n\u001b[1m\u001b[96mhelp\u001b[0m: trait `ExecutionContext` which provides `try_emit_event` is implemented but not in scope; perhaps you want to import it\n    \u001b[1m\u001b[94m|\u001b[0m\n  \u001b[1m\u001b[94m3\u001b[0m \u001b[92m+ use crate::context::execution::ExecutionContext;\u001b[0m\n    \u001b[1m\u001b[94m|\u001b[0m\n\n"}
{"$message_type":"diagnostic","message":"no method named `try_emit_event` found for struct `Arc<PipelineContext>` in the current scope","code":{"code":"E0599","explanation":"This error occurs when a method is used on a type which doesn't implement it:\n\nErroneous code example:\n\n```compile_fail,E0599\nstruct Mouth;\n\nlet x = Mouth;\nx.chocolate(); // error: no method named `chocolate` found for type `Mouth`\n               //        in the current scope\n```\n\nIn this case, you need to implement the `chocolate` method to fix the error:\n\n```\nstruct Mouth;\n\nimpl Mouth {\n    fn chocolate(&self) { // We implement the `chocolate` method here.\n        println!(\"Hmmm! I love chocolate!\");\n    }\n}\n\nlet x = Mouth;\nx.chocolate(); // ok!\n```\n"},"level":"error","spans":[{"file_name":"stageflow/src/pipeline/unified.rs","byte_start":5933,"byte_end":5937,"line_start":175,"line_end":175,"column_start":21,"column_end":25,"is_primary":false,"text":[{"text":"                    ctx.try_emit_event(","highlight_start":21,"highlight_end":25}],"label":"","suggested_replacement":null,"suggestion_applicability":null,"expansion":null},{"file_name":"stageflow/src/pipeline/unified.rs","byte_start":5937,"byte_end":5951,"line_start":175,"line_end":175,"column_start":25,"column_end":39,"is_primary":true,"text":[{"text":"                    ctx.try_emit_event(","highlight_start":25,"highlight_end":39}],"label":"method not found in `Arc<PipelineContext>`","suggested_replacement":null,"suggestion_applicability":null,"expansion":null}],"children":[{"message":"items from traits can only be used if the trait is in scope","code":null,"level":"help","spans":[],"children":[],"rendered":null},{"message":"trait `ExecutionContext` which provides `try_emit_event` is implemented but not in scope; perhaps you want to import it","code":null,"level":"help","spans":[{"file_name":"stageflow/src/pipeline/unified.rs","byte_start":59,"byte_end":59,"line_start":3,"line_end":3,"column_start":1,"column_end":1,"is_primary":true,"text":[{"text":"use super::{StageGraph, StageSpec};","highlight_start":1,"highlight_end":1}],"label":null,"suggested_replacement":"use crate::context::execution::ExecutionContext;\n","suggestion_applicability":"MaybeIncorrect","expansion":null}],"children":[],"rendered":null}],"rendered":"\u001b[1m\u001b[91merror[E0599]\u001b[0m\u001b[1m: no method named `try_emit_event` found for struct `Arc<PipelineContext>` in the current scope\u001b[0m\n   \u001b[1m\u001b[94m--> \u001b[0mstageflow/src/pipeline/unified.rs:175:25\n    \u001b[1m\u001b[94m|\u001b[0m\n\u001b[1m\u001b[94m175\u001b[0m \u001b[1m\u001b[94m|\u001b[0m                     ctx.try_emit_event(\n    \u001b[1m\u001b[94m|\u001b[0m                     \u001b[1m\u001b[94m----\u001b[0m\u001b[1m\u001b[91m^^^^^^^^^^^^^^\u001b[0m \u001b[1m\u001b[91mmethod not found in `Arc<PipelineContext>`\u001b[0m\n    \u001b[1m\u001b[94m|\u001b[0m\n    \u001b[1m\u001b[94m= \u001b[0m\u001b[1mhelp\u001b[0m: items from traits can only be used if the trait is in scope\n\u001b[1m\u001b[96mhelp\u001b[0m: trait `ExecutionContext` which provides `try_emit_event` is implemented but not in scope; perhaps you want to import it\n    \u001b[1m\u001b[94m|\u001b[0m\n  \u001b[1m\u001b[94m3\u001b[0m \u001b[92m+ use crate::context::execution::ExecutionContext;\u001b[0m\n    \u001b[1m\u001b[94m|\u001b[0m\n\n"}
{"$message_type":"diagnostic","message":"no method named `try_emit_event` found for struct `Arc<PipelineContext>` in the current scope","code":{"code":"E0599","explanation":"This error occurs when a method is used on a type which doesn't implement it:\n\nErroneous code example:\n\n```compile_fail,E0599\nstruct Mouth;\n\nlet x = Mouth;\nx.chocolate(); // error: no method named `chocolate` found for type `Mouth`\n               //        in the current scope\n```\n\nIn this case, you need to implement the `chocolate` method to fix the error:\n\n```\nstruct Mouth;\n\nimpl Mouth {\n    fn chocolate(&self) { // We implement the `chocolate` method here.\n        println!(\"Hmmm! I love chocolate!\");\n    }\n}\n\nlet x = Mouth;\nx.chocolate(); // ok!\n```\n"},"level":"error","spans":[{"file_name":"stageflow/src/pipeline/unified.rs","byte_start":6794,"byte_end":6798,"line_start":196,"line_end":196,"column_start":21,"column_end":25,"is_primary":false,"text":[{"text":"                    ctx.try_emit_event(","highlight_start":21,"highlight_end":25}],"label":"","suggested_replacement":null,"suggestion_applicability":null,"expansion":null},{"file_name":"stageflow/src/pipeline/unified.rs","byte_start":6798,"byte_end":6812,"line_start":196,"line_end":196,"column_start":25,"column_end":39,"is_primary":true,"text":[{"text":"                    ctx.try_emit_event(","highlight_start":25,"highlight_end":39}],"label":"method not found in `Arc<PipelineContext>`","suggested_replacement":null,"suggestion_applicability":null,"expansion":null}],"children":[{"message":"items from traits can only be used if the trait is in scope","code":null,"level":"help","spans":[],"children":[],"rendered":null},{"message":"trait `ExecutionContext` which provides `try_emit_event` is implemented but not in scope; perhaps you want to import it","code":null,"level":"help","spans":[{"file_name":"stageflow/src/pipeline/unified.rs","byte_start":59,"byte_end":59,"line_start":3,"line_end":3,"column_start":1,"column_end":1,"is_primary":true,"text":[{"text":"use super::{StageGraph, StageSpec};","highlight_start":1,"highlight_end":1}],"label":null,"suggested_replacement":"use crate::context::execution::ExecutionContext;\n","suggestion_applicability":"MaybeIncorrect","expansion":null}],"children":[],"rendered":null}],"rendered":"\u001b[1m\u001b[91merror[E0599]\u001b[0m\u001b[1m: no method named `try_emit_event` found for struct `Arc<PipelineContext>` in the current scope\u001b[0m\n   \u001b[1m\u001b[94m--> \u001b[0mstageflow/src/pipeline/unified.rs:196:25\n    \u001b[1m\u001b[94m|\u001b[0m\n\u001b[1m\u001b[94m196\u001b[0m \u001b[1m\u001b[94m|\u001b[0m                     ctx.try_emit_event(\n    \u001b[1m\u001b[94m|\u001b[0m                     \u001b[1m\u001b[94m----\u001b[0m\u001b[1m\u001b[91m^^^^^^^^^^^^^^\u001b[0m \u001b[1m\u001b[91mmethod not found in `Arc<PipelineContext>`\u001b[0m\n    \u001b[1m\u001b[94m|\u001b[0m\n    \u001b[1m\u001b[94m= \u001b[0m\u001b[1mhelp\u001b[0m: items from traits can only be used if the trait is in scope\n\u001b[1m\u001b[96mhelp\u001b[0m: trait `ExecutionContext` which provides `try_emit_event` is implemented but not in scope; perhaps you want to import it\n    \u001b[1m\u001b[94m|\u001b[0m\n  \u001b[1m\u001b[94m3\u001b[0m \u001b[92m+ use crate::context::execution::ExecutionContext;\u001b[0m\n    \u001b[1m\u001b[94m|\u001b[0m\n\n"}
{"$message_type":"diagnostic","message":"no method named `try_emit_event` found for struct `Arc<PipelineContext>` in the current scope","code":{"code":"E0599","explanation":"This error occurs when a method is used on a type which doesn't implement it:\n\nErroneous code example:\n\n```compile_fail,E0599\nstruct Mouth;\n\nlet x = Mouth;\nx.chocolate(); // error: no method named `chocolate` found for type `Mouth`\n               //        in the current scope\n```\n\nIn this case, you need to implement the `chocolate` method to fix the error:\n\n```\nstruct Mouth;\n\nimpl Mouth {\n    fn chocolate(&self) { // We implement the `chocolate` method here.\n        println!(\"Hmmm! I love chocolate!\");\n    }\n}\n\nlet x = Mouth;\nx.chocolate(); // ok!\n```\n"},"level":"error","spans":[{"file_name":"stageflow/src/pipeline/unified.rs","byte_start":7138,"byte_end":7142,"line_start":205,"line_end":205,"column_start":21,"column_end":25,"is_primary":false,"text":[{"text":"                    ctx.try_emit_event(","highlight_start":21,"highlight_end":25}],"label":"","suggested_replacement":null,"suggestion_applicability":null,"expansion":null},{"file_name":"stageflow/src/pipeline/unified.rs","byte_start":7142,"byte_end":7156,"line_start":205,"line_end":205,"column_start":25,"column_end":39,"is_primary":true,"text":[{"text":"                    ctx.try_emit_event(","highlight_start":25,"highlight_end":39}],"label":"method not found in `Arc<PipelineContext>`","suggested_replacement":null,"suggestion_applicability":null,"expansion":null}],"children":[{"message":"items from traits can only be used if the trait is in scope","code":null,"level":"help","spans":[],"children":[],"rendered":null},{"message":"trait `ExecutionContext` which provides `try_emit_event` is implemented but not in scope; perhaps you want to import it","code":null,"level":"help","spans":[{"file_name":"stageflow/src/pipeline/unified.rs","byte_start":59,"byte_end":59,"line_start":3,"line_end":3,"column_start":1,"column_end":1,"is_primary":true,"text":[{"text":"use super::{StageGraph, StageSpec};","highlight_start":1,"highlight_end":1}],"label":null,"suggested_replacement":"use crate::context::execution::ExecutionContext;\n","suggestion_applicability":"MaybeIncorrect","expansion":null}],"children":[],"rendered":null}],"rendered":"\u001b[1m\u001b[91merror[E0599]\u001b[0m\u001b[1m: no method named `try_emit_event` found for struct `Arc<PipelineContext>` in the current scope\u001b[0m\n   \u001b[1m\u001b[94m--> \u001b[0mstageflow/src/pipeline/unified.rs:205:25\n    \u001b[1m\u001b[94m|\u001b[0m\n\u001b[1m\u001b[94m205\u001b[0m \u001b[1m\u001b[94m|\u001b[0m                     ctx.try_emit_event(\n    \u001b[1m\u001b[94m|\u001b[0m                     \u001b[1m\u001b[94m----\u001b[0m\u001b[1m\u001b[91m^^^^^^^^^^^^^^\u001b[0m \u001b[1m\u001b[91mmethod not found in `Arc<PipelineContext>`\u001b[0m\n    \u001b[1m\u001b[94m|\u001b[0m\n    \u001b[1m\u001b[94m= \u001b[0m\u001b[1mhelp\u001b[0m: items from traits can only be used if the trait is in scope\n\u001b[1m\u001b[96mhelp\u001b[0m: trait `ExecutionContext` which provides `try_emit_event` is implemented but not in scope; perhaps you want to import it\n    \u001b[1m\u001b[94m|\u001b[0m\n  \u001b[1m\u001b[94m3\u001b[0m \u001b[92m+ use crate::context::execution::ExecutionContext;\u001b[0m\n    \u001b[1m\u001b[94m|\u001b[0m\n\n"}
{"$message_type":"diagnostic","message":"no method named `try_emit_event` found for reference `&Arc<PipelineContext>` in the current scope","code":{"code":"E0599","explanation":"This error occurs when a method is used on a type which doesn't implement it:\n\nErroneous code example:\n\n```compile_fail,E0599\nstruct Mouth;\n\nlet x = Mouth;\nx.chocolate(); // error: no method named `chocolate` found for type `Mouth`\n               //        in the current scope\n```\n\nIn this case, you need to implement the `chocolate` method to fix the error:\n\n```\nstruct Mouth;\n\nimpl Mouth {\n    fn chocolate(&self) { // We implement the `chocolate` method here.\n        println!(\"Hmmm! I love chocolate!\");\n    }\n}\n\nlet x = Mouth;\nx.chocolate(); // ok!\n```\n"},"level":"error","spans":[{"file_name":"stageflow/src/subpipeline/spawner.rs","byte_start":2061,"byte_end":2072,"line_start":71,"line_end":71,"column_start":9,"column_end":20,"is_primary":false,"text":[{"text":"        parent_ctx.try_emit_event(","highlight_start":9,"highlight_end":20}],"label":"","suggested_replacement":null,"suggestion_applicability":null,"expansion":null},{"file_name":"stageflow/src/subpipeline/spawner.rs","byte_start":2072,"byte_end":2086,"line_start":71,"line_end":71,"column_start":20,"column_end":34,"is_primary":true,"text":[{"text":"        parent_ctx.try_emit_event(","highlight_start":20,"highlight_end":34}],"label":"method not found in `&Arc<PipelineContext>`","suggested_replacement":null,"suggestion_applicability":null,"expansion":null}],"children":[{"message":"items from traits can only be used if the trait is in scope","code":null,"level":"help","spans":[],"children":[],"rendered":null},{"message":"trait `ExecutionContext` which provides `try_emit_event` is implemented but not in scope; perhaps you want to import it","code":null,"level":"help","spans":[{"file_name":"stageflow/src/subpipeline/spawner.rs","byte_start":49,"byte_end":49,"line_start":3,"line_end":3,"column_start":1,"column_end":1,"is_primary":true,"text":[{"text":"use super::{ChildRunInfo, ChildRunTracker, SubpipelineResult};","highlight_start":1,"highlight_end":1}],"label":null,"suggested_replacement":"use crate::context::execution::ExecutionContext;\n","suggestion_applicability":"MaybeIncorrect","expansion":null}],"children":[],"rendered":null}],"rendered":"\u001b[1m\u001b[91merror[E0599]\u001b[0m\u001b[1m: no method named `try_emit_event` found for reference `&Arc<PipelineContext>` in the current scope\u001b[0m\n  \u001b[1m\u001b[94m--> \u001b[0mstageflow/src/subpipeline/spawner.rs:71:20\n   \u001b[1m\u001b[94m|\u001b[0m\n\u001b[1m\u001b[94m71\u001b[0m \u001b[1m\u001b[94m|\u001b[0m         parent_ctx.try_emit_event(\n   \u001b[1m\u001b[94m|\u001b[0m         \u001b[1m\u001b[94m-----------\u001b[0m\u001b[1m\u001b[91m^^^^^^^^^^^^^^\u001b[0m \u001b[1m\u001b[91mmethod not found in `&Arc<PipelineContext>`\u001b[0m\n   \u001b[1m\u001b[94m|\u001b[0m\n   \u001b[1m\u001b[94m= \u001b[0m\u001b[1mhelp\u001b[0m: items from traits can only be used if the trait is in scope\n\u001b[1m\u001b[96mhelp\u001b[0m: trait `ExecutionContext` which provides `try_emit_event` is implemented but not in scope; perhaps you want to import it\n   \u001b[1m\u001b[94m|\u001b[0m\n \u001b[1m\u001b[94m3\u001b[0m \u001b[92m+ use crate::context::execution::ExecutionContext;\u001b[0m\n   \u001b[1m\u001b[94m|\u001b[0m\n\n"}
{"$message_type":"diagnostic","message":"no method named `try_emit_event` found for reference `&Arc<PipelineContext>` in the current scope","code":{"code":"E0599","explanation":"This error occurs when a method is used on a type which doesn't implement it:\n\nErroneous code example:\n\n```compile_fail,E0599\nstruct Mouth;\n\nlet x = Mouth;\nx.chocolate(); // error: no method named `chocolate` found for type `Mouth`\n               //        in the current scope\n```\n\nIn this case, you need to implement the `chocolate` method to fix the error:\n\n```\nstruct Mouth;\n\nimpl Mouth {\n    fn chocolate(&self) { // We implement the `chocolate` method here.\n        println!(\"Hmmm! I love chocolate!\");\n    }\n}\n\nlet x = Mouth;\nx.chocolate(); // ok!\n```\n"},"level":"error","spans":[{"file_name":"stageflow/src/subpipeline/spawner.rs","byte_start":2740,"byte_end":2751,"line_start":91,"line_end":91,"column_start":21,"column_end":32,"is_primary":false,"text":[{"text":"                    parent_ctx.try_emit_event(","highlight_start":21,"highlight_end":32}],"label":"","suggested_replacement":null,"suggestion_applicability":null,"expansion":null},{"file_name":"stageflow/src/subpipeline/spawner.rs","byte_start":2751,"byte_end":2765,"line_start":91,"line_end":91,"column_start":32,"column_end":46,"is_primary":true,"text":[{"text":"                    parent_ctx.try_emit_event(","highlight_start":32,"highlight_end":46}],"label":"method not found in `&Arc<PipelineContext>`","suggested_replacement":null,"suggestion_applicability":null,"expansion":null}],"children":[{"message":"items from traits can only be used if the trait is in scope","code":null,"level":"help","spans":[],"children":[],"rendered":null},{"message":"trait `ExecutionContext` which provides `try_emit_event` is implemented but not in scope; perhaps you want to import it","code":null,"level":"help","spans":[{"file_name":"stageflow/src/subpipeline/spawner.rs","byte_start":49,"byte_end":49,"line_start":3,"line_end":3,"column_start":1,"column_end":1,"is_primary":true,"text":[{"text":"use super::{ChildRunInfo, ChildRunTracker, SubpipelineResult};","highlight_start":1,"highlight_end":1}],"label":null,"suggested_replacement":"use crate::context::execution::ExecutionContext;\n","suggestion_applicability":"MaybeIncorrect","expansion":null}],"children":[],"rendered":null}],"rendered":"\u001b[1m\u001b[91merror[E0599]\u001b[0m\u001b[1m: no method named `try_emit_event` found for reference `&Arc<PipelineContext>` in the current scope\u001b[0m\n  \u001b[1m\u001b[94m--> \u001b[0mstageflow/src/subpipeline/spawner.rs:91:32\n   \u001b[1m\u001b[94m|\u001b[0m\n\u001b[1m\u001b[94m91\u001b[0m \u001b[1m\u001b[94m|\u001b[0m                     parent_ctx.try_emit_event(\n   \u001b[1m\u001b[94m|\u001b[0m                     \u001b[1m\u001b[94m-----------\u001b[0m\u001b[1m\u001b[91m^^^^^^^^^^^^^^\u001b[0m \u001b[1m\u001b[91mmethod not found in `&Arc<PipelineContext>`\u001b[0m\n   \u001b[1m\u001b[94m|\u001b[0m\n   \u001b[1m\u001b[94m= \u001b[0m\u001b[1mhelp\u001b[0m: items from traits can only be used if the trait is in scope\n\u001b[1m\u001b[96mhelp\u001b[0m: trait `ExecutionContext` which provides `try_emit_event` is implemented but not in scope; perhaps you want to import it\n   \u001b[1m\u001b[94m|\u001b[0m\n \u001b[1m\u001b[94m3\u001b[0m \u001b[92m+ use crate::context::execution::ExecutionContext;\u001b[0m\n   \u001b[1m\u001b[94m|\u001b[0m\n\n"}
{"$message_type":"diagnostic","message":"no method named `try_emit_event` found for reference `&Arc<PipelineContext>` in the current scope","code":{"code":"E0599","explanation":"This error occurs when a method is used on a type which doesn't implement it:\n\nErroneous code example:\n\n```compile_fail,E0599\nstruct Mouth;\n\nlet x = Mouth;\nx.chocolate(); // error: no method named `chocolate` found for type `Mouth`\n               //        in the current scope\n```\n\nIn this case, you need to implement the `chocolate` method to fix the error:\n\n```\nstruct Mouth;\n\nimpl Mouth {\n    fn chocolate(&self) { // We implement the `chocolate` method here.\n        println!(\"Hmmm! I love chocolate!\");\n    }\n}\n\nlet x = Mouth;\nx.chocolate(); // ok!\n```\n"},"level":"error","spans":[{"file_name":"stageflow/src/subpipeline/spawner.rs","byte_start":3324,"byte_end":3335,"line_start":105,"line_end":105,"column_start":21,"column_end":32,"is_primary":false,"text":[{"text":"                    parent_ctx.try_emit_event(","highlight_start":21,"highlight_end":32}],"label":"","suggested_replacement":null,"suggestion_applicability":null,"expansion":null},{"file_name":"stageflow/src/subpipeline/spawner.rs","byte_start":3335,"byte_end":3349,"line_start":105,"line_end":105,"column_start":32,"column_end":46,"is_primary":true,"text":[{"text":"                    parent_ctx.try_emit_event(","highlight_start":32,"highlight_end":46}],"label":"method not found in `&Arc<PipelineContext>`","suggested_replacement":null,"suggestion_applicability":null,"expansion":null}],"children":[{"message":"items from traits can only be used if the trait is in scope","code":null,"level":"help","spans":[],"children":[],"rendered":null},{"message":"trait `ExecutionContext` which provides `try_emit_event` is implemented but not in scope; perhaps you want to import it","code":null,"level":"help","spans":[{"file_name":"stageflow/src/subpipeline/spawner.rs","byte_start":49,"byte_end":49,"line_start":3,"line_end":3,"column_start":1,"column_end":1,"is_primary":true,"text":[{"text":"use super::{ChildRunInfo, ChildRunTracker, SubpipelineResult};","highlight_start":1,"highlight_end":1}],"label":null,"suggested_replacement":"use crate::context::execution::ExecutionContext;\n","suggestion_applicability":"MaybeIncorrect","expansion":null}],"children":[],"rendered":null}],"rendered":"\u001b[1m\u001b[91merror[E0599]\u001b[0m\u001b[1m: no method named `try_emit_event` found for reference `&Arc<PipelineContext>` in the current scope\u001b[0m\n   \u001b[1m\u001b[94m--> \u001b[0mstageflow/src/subpipeline/spawner.rs:105:32\n    \u001b[1m\u001b[94m|\u001b[0m\n\u001b[1m\u001b[94m105\u001b[0m \u001b[1m\u001b[94m|\u001b[0m                     parent_ctx.try_emit_event(\n    \u001b[1m\u001b[94m|\u001b[0m                     \u001b[1m\u001b[94m-----------\u001b[0m\u001b[1m\u001b[91m^^^^^^^^^^^^^^\u001b[0m \u001b[1m\u001b[91mmethod not found in `&Arc<PipelineContext>`\u001b[0m\n    \u001b[1m\u001b[94m|\u001b[0m\n    \u001b[1m\u001b[94m= \u001b[0m\u001b[1mhelp\u001b[0m: items from traits can only be used if the trait is in scope\n\u001b[1m\u001b[96mhelp\u001b[0m: trait `ExecutionContext` which provides `try_emit_event` is implemented but not in scope; perhaps you want to import it\n    \u001b[1m\u001b[94m|\u001b[0m\n  \u001b[1m\u001b[94m3\u001b[0m \u001b[92m+ use crate::context::execution::ExecutionContext;\u001b[0m\n    \u001b[1m\u001b[94m|\u001b[0m\n\n"}
{"$message_type":"diagnostic","message":"no method named `try_emit_event` found for reference `&Arc<PipelineContext>` in the current scope","code":{"code":"E0599","explanation":"This error occurs when a method is used on a type which doesn't implement it:\n\nErroneous code example:\n\n```compile_fail,E0599\nstruct Mouth;\n\nlet x = Mouth;\nx.chocolate(); // error: no method named `chocolate` found for type `Mouth`\n               //        in the current scope\n```\n\nIn this case, you need to implement the `chocolate` method to fix the error:\n\n```\nstruct Mouth;\n\nimpl Mouth {\n    fn chocolate(&self) { // We implement the `chocolate` method here.\n        println!(\"Hmmm! I love chocolate!\");\n    }\n}\n\nlet x = Mouth;\nx.chocolate(); // ok!\n```\n"},"level":"error","spans":[{"file_name":"stageflow/src/subpipeline/spawner.rs","byte_start":4024,"byte_end":4035,"line_start":124,"line_end":124,"column_start":17,"column_end":28,"is_primary":false,"text":[{"text":"                parent_ctx.try_emit_event(","highlight_start":17,"highlight_end":28}],"label":"","suggested_replacement":null,"suggestion_applicability":null,"expansion":null},{"file_name":"stageflow/src/subpipeline/spawner.rs","byte_start":4035,"byte_end":4049,"line_start":124,"line_end":124,"column_start":28,"column_end":42,"is_primary":true,"text":[{"text":"                parent_ctx.try_emit_event(","highlight_start":28,"highlight_end":42}],"label":"method not found in `&Arc<PipelineContext>`","suggested_replacement":null,"suggestion_applicability":null,"expansion":null}],"children":[{"message":"items from traits can only be used if the trait is in scope","code":null,"level":"help","spans":[],"children":[],"rendered":null},{"message":"trait `ExecutionContext` which provides `try_emit_event` is implemented but not in scope; perhaps you want to import it","code":null,"level":"help","spans":[{"file_name":"stageflow/src/subpipeline/spawner.rs","byte_start":49,"byte_end":49,"line_start":3,"line_end":3,"column_start":1,"column_end":1,"is_primary":true,"text":[{"text":"use super::{ChildRunInfo, ChildRunTracker, SubpipelineResult};","highlight_start":1,"highlight_end":1}],"label":null,"suggested_replacement":"use crate::context::execution::ExecutionContext;\n","suggestion_applicability":"MaybeIncorrect","expansion":null}],"children":[],"rendered":null}],"rendered":"\u001b[1m\u001b[91merror[E0599]\u001b[0m\u001b[1m: no method named `try_emit_event` found for reference `&Arc<PipelineContext>` in the current scope\u001b[0m\n   \u001b[1m\u001b[94m--> \u001b[0mstageflow/src/subpipeline/spawner.rs:124:28\n    \u001b[1m\u001b[94m|\u001b[0m\n\u001b[1m\u001b[94m124\u001b[0m \u001b[1m\u001b[94m|\u001b[0m                 parent_ctx.try_emit_event(\n    \u001b[1m\u001b[94m|\u001b[0m                 \u001b[1m\u001b[94m-----------\u001b[0m\u001b[1m\u001b[91m^^^^^^^^^^^^^^\u001b[0m \u001b[1m\u001b[91mmethod not found in `&Arc<PipelineContext>`\u001b[0m\n    \u001b[1m\u001b[94m|\u001b[0m\n    \u001b[1m\u001b[94m= \u001b[0m\u001b[1mhelp\u001b[0m: items from traits can only be used if the trait is in scope\n\u001b[1m\u001b[96mhelp\u001b[0m: trait `ExecutionContext` which provides `try_emit_event` is implemented but not in scope; perhaps you want to import it\n    \u001b[1m\u001b[94m|\u001b[0m\n  \u001b[1m\u001b[94m3\u001b[0m \u001b[92m+ use crate::context::execution::ExecutionContext;\u001b[0m\n    \u001b[1m\u001b[94m|\u001b[0m\n\n"}
{"$message_type":"diagnostic","message":"no method named `try_emit_event` found for reference `&'life1 StageContext` in the current scope","code":{"code":"E0599","explanation":"This error occurs when a method is used on a type which doesn't implement it:\n\nErroneous code example:\n\n```compile_fail,E0599\nstruct Mouth;\n\nlet x = Mouth;\nx.chocolate(); // error: no method named `chocolate` found for type `Mouth`\n               //        in the current scope\n```\n\nIn this case, you need to implement the `chocolate` method to fix the error:\n\n```\nstruct Mouth;\n\nimpl Mouth {\n    fn chocolate(&self) { // We implement the `chocolate` method here.\n        println!(\"Hmmm! I love chocolate!\");\n    }\n}\n\nlet x = Mouth;\nx.chocolate(); // ok!\n```\n"},"level":"error","spans":[{"file_name":"stageflow/src/interceptors/hardening.rs","byte_start":3400,"byte_end":3404,"line_start":124,"line_end":124,"column_start":9,"column_end":13,"is_primary":false,"text":[{"text":"        ctx.try_emit_event(","highlight_start":9,"highlight_end":13}],"label":"","suggested_replacement":null,"suggestion_applicability":null,"expansion":null},{"file_name":"stageflow/src/interceptors/hardening.rs","byte_start":3404,"byte_end":3418,"line_start":124,"line_end":124,"column_start":13,"column_end":27,"is_primary":true,"text":[{"text":"        ctx.try_emit_event(","highlight_start":13,"highlight_end":27}],"label":"method not found in `&'life1 StageContext`","suggested_replacement":null,"suggestion_applicability":null,"expansion":null}],"children":[{"message":"items from traits can only be used if the trait is in scope","code":null,"level":"help","spans":[],"children":[],"rendered":null},{"message":"trait `ExecutionContext` which provides `try_emit_event` is implemented but not in scope; perhaps you want to import it","code":null,"level":"help","spans":[{"file_name":"stageflow/src/interceptors/hardening.rs","byte_start":52,"byte_end":52,"line_start":3,"line_end":3,"column_start":1,"column_end":1,"is_primary":true,"text":[{"text":"use super::Interceptor;","highlight_start":1,"highlight_end":1}],"label":null,"suggested_replacement":"use crate::context::execution::ExecutionContext;\n","suggestion_applicability":"MaybeIncorrect","expansion":null}],"children":[],"rendered":null}],"rendered":"\u001b[1m\u001b[91merror[E0599]\u001b[0m\u001b[1m: no method named `try_emit_event` found for reference `&'life1 StageContext` in the current scope\u001b[0m\n   \u001b[1m\u001b[94m--> \u001b[0mstageflow/src/interceptors/hardening.rs:124:13\n    \u001b[1m\u001b[94m|\u001b[0m\n\u001b[1m\u001b[94m124\u001b[0m \u001b[1m\u001b[94m|\u001b[0m         ctx.try_emit_event(\n    \u001b[1m\u001b[94m|\u001b[0m         \u001b[1m\u001b[94m----\u001b[0m\u001b[1m\u001b[91m^^^^^^^^^^^^^^\u001b[0m \u001b[1m\u001b[91mmethod not found in `&'life1 StageContext`\u001b[0m\n    \u001b[1m\u001b[94m|\u001b[0m\n    \u001b[1m\u001b[94m= \u001b[0m\u001b[1mhelp\u001b[0m: items from traits can only be used if the trait is in scope\n\u001b[1m\u001b[96mhelp\u001b[0m: trait `ExecutionContext` which provides `try_emit_event` is implemented but not in scope; perhaps you want to import it\n    \u001b[1m\u001b[94m|\u001b[0m\n  \u001b[1m\u001b[94m3\u001b[0m \u001b[92m+ use crate::context::execution::ExecutionContext;\u001b[0m\n    \u001b[1m\u001b[94m|\u001b[0m\n\n"}
{"$message_type":"diagnostic","message":"no method named `pipeline_run_id` found for reference `&StageContext` in the current scope","code":{"code":"E0599","explanation":"This error occurs when a method is used on a type which doesn't implement it:\n\nErroneous code example:\n\n```compile_fail,E0599\nstruct Mouth;\n\nlet x = Mouth;\nx.chocolate(); // error: no method named `chocolate` found for type `Mouth`\n               //        in the current scope\n```\n\nIn this case, you need to implement the `chocolate` method to fix the error:\n\n```\nstruct Mouth;\n\nimpl Mouth {\n    fn chocolate(&self) { // We implement the `chocolate` method here.\n        println!(\"Hmmm! I love chocolate!\");\n    }\n}\n\nlet x = Mouth;\nx.chocolate(); // ok!\n```\n"},"level":"error","spans":[{"file_name":"stageflow/src/interceptors/idempotency.rs","byte_start":2013,"byte_end":2030,"line_start":83,"line_end":84,"column_start":31,"column_end":14,"is_primary":false,"text":[{"text":"        let pipeline_run_id = ctx","highlight_start":31,"highlight_end":34},{"text":"            .pipeline_run_id()","highlight_start":1,"highlight_end":14}],"label":"","suggested_replacement":null,"suggestion_applicability":null,"expansion":null},{"file_name":"stageflow/src/interceptors/idempotency.rs","byte_start":2030,"byte_end":2045,"line_start":84,"line_end":84,"column_start":14,"column_end":29,"is_primary":true,"text":[{"text":"            .pipeline_run_id()","highlight_start":14,"highlight_end":29}],"label":null,"suggested_replacement":null,"suggestion_applicability":null,"expansion":null}],"children":[{"message":"items from traits can only be used if the trait is in scope","code":null,"level":"help","spans":[],"children":[],"rendered":null},{"message":"trait `ExecutionContext` which provides `pipeline_run_id` is implemented but not in scope; perhaps you want to import it","code":null,"level":"help","spans":[{"file_name":"stageflow/src/interceptors/idempotency.rs","byte_start":46,"byte_end":46,"line_start":3,"line_end":3,"column_start":1,"column_end":1,"is_primary":true,"text":[{"text":"use super::Interceptor;","highlight_start":1,"highlight_end":1}],"label":null,"suggested_replacement":"use crate::context::execution::ExecutionContext;\n","suggestion_applicability":"MaybeIncorrect","expansion":null}],"children":[],"rendered":null},{"message":"there is a method `pipeline_ctx` with a similar name","code":null,"level":"help","spans":[{"file_name":"stageflow/src/interceptors/idempotency.rs","byte_start":2030,"byte_end":2045,"line_start":84,"line_end":84,"column_start":14,"column_end":29,"is_primary":true,"text":[{"text":"            .pipeline_run_id()","highlight_start":14,"highlight_end":29}],"label":null,"suggested_replacement":"pipeline_ctx","suggestion_applicability":"MaybeIncorrect","expansion":null}],"children":[],"rendered":null}],"rendered":"\u001b[1m\u001b[91merror[E0599]\u001b[0m\u001b[1m: no method named `pipeline_run_id` found for reference `&StageContext` in the current scope\u001b[0m\n  \u001b[1m\u001b[94m--> \u001b[0mstageflow/src/interceptors/idempotency.rs:84:14\n   \u001b[1m\u001b[94m|\u001b[0m\n\u001b[1m\u001b[94m83\u001b[0m \u001b[1m\u001b[94m|\u001b[0m           let pipeline_run_id = ctx\n   \u001b[1m\u001b[94m|\u001b[0m \u001b[1m\u001b[94m _______________________________-\u001b[0m\n\u001b[1m\u001b[94m84\u001b[0m \u001b[1m\u001b[94m|\u001b[0m \u001b[1m\u001b[94m|\u001b[0m             .pipeline_run_id()\n   \u001b[1m\u001b[94m|\u001b[0m \u001b[1m\u001b[94m|_____________-\u001b[0m\u001b[1m\u001b[91m^^^^^^^^^^^^^^^\u001b[0m\n   \u001b[1m\u001b[94m|\u001b[0m\n   \u001b[1m\u001b[94m= \u001b[0m\u001b[1mhelp\u001b[0m: items from traits can only be used if the trait is in scope\n\u001b[1m\u001b[96mhelp\u001b[0m: trait `ExecutionContext` which provides `pipeline_run_id` is implemented but not in scope; perhaps you want to import it\n   \u001b[1m\u001b[94m|\u001b[0m\n \u001b[1m\u001b[94m3\u001b[0m \u001b[92m+ use crate::context::execution::ExecutionContext;\u001b[0m\n   \u001b[1m\u001b[94m|\u001b[0m\n\u001b[1m\u001b[96mhelp\u001b[0m: there is a method `pipeline_ctx` with a similar name\n   \u001b[1m\u001b[94m|\u001b[0m\n\u001b[1m\u001b[94m84\u001b[0m \u001b[91m- \u001b[0m            .\u001b[91mpipeline_run_id\u001b[0m()\n\u001b[1m\u001b[94m84\u001b[0m \u001b[92m+ \u001b[0m            .\u001b[92mpipeline_ctx\u001b[0m()\n   \u001b[1m\u001b[94m|\u001b[0m\n\n"}
{"$message_type":"diagnostic","message":"type annotations needed","code":{"code":"E0282","explanation":"The compiler could not infer a type and asked for a type annotation.\n\nErroneous code example:\n\n```compile_fail,E0282\nlet x = Vec::new();\n```\n\nThis error indicates that type inference did not result in one unique possible\ntype, and extra information is required. In most cases this can be provided\nby adding a type annotation. Sometimes you need to specify a generic type\nparameter manually.\n\nIn the example above, type `Vec` has a type parameter `T`. When calling\n`Vec::new`, barring any other later usage of the variable `x` that allows the\ncompiler to infer what type `T` is, the compiler needs to be told what it is.\n\nThe type can be specified on the variable:\n\n```\nlet x: Vec<i32> = Vec::new();\n```\n\nThe type can also be specified in the path of the expression:\n\n```\nlet x = Vec::<i32>::new();\n```\n\nIn cases with more complex types, it is not necessary to annotate the full\ntype. Once the ambiguity is resolved, the compiler can infer the rest:\n\n```\nlet x: Vec<_> = \"hello\".chars().rev().collect();\n```\n\nAnother way to provide the compiler with enough information, is to specify the\ngeneric type parameter:\n\n```\nlet x = \"hello\".chars().rev().collect::<Vec<char>>();\n```\n\nAgain, you need not specify the full type if the compiler can infer it:\n\n```\nlet x = \"hello\".chars().rev().collect::<Vec<_>>();\n```\n\nApart from a method or function with a generic type parameter, this error can\noccur when a type parameter of a struct or trait cannot be inferred. In that\ncase it is not always possible to use a type annotation, because all candidates\nhave the same return type. For instance:\n\n```compile_fail,E0282\nstruct Foo<T> {\n    num: T,\n}\n\nimpl<T> Foo<T> {\n    fn bar() -> i32 {\n        0\n    }\n\n    fn baz() {\n        let number = Foo::bar();\n    }\n}\n```\n\nThis will fail because the compiler does not know which instance of `Foo` to\ncall `bar` on. Change `Foo::bar()` to `Foo::<T>::bar()` to resolve the error.\n"},"level":"error","spans":[{"file_name":"stageflow/src/interceptors/idempotency.rs","byte_start":2070,"byte_end":2072,"line_start":85,"line_end":85,"column_start":23,"column_end":25,"is_primary":false,"text":[{"text":"            .map(|id| id.to_string())","highlight_start":23,"highlight_end":25}],"label":"type must be known at this point","suggested_replacement":null,"suggestion_applicability":null,"expansion":null},{"file_name":"stageflow/src/interceptors/idempotency.rs","byte_start":2066,"byte_end":2068,"line_start":85,"line_end":85,"column_start":19,"column_end":21,"is_primary":true,"text":[{"text":"            .map(|id| id.to_string())","highlight_start":19,"highlight_end":21}],"label":null,"suggested_replacement":null,"suggestion_applicability":null,"expansion":null}],"children":[{"message":"consider giving this closure parameter an explicit type","code":null,"level":"help","spans":[{"file_name":"stageflow/src/interceptors/idempotency.rs","byte_start":2068,"byte_end":2068,"line_start":85,"line_end":85,"column_start":21,"column_end":21,"is_primary":true,"text":[{"text":"            .map(|id| id.to_string())","highlight_start":21,"highlight_end":21}],"label":null,"suggested_replacement":": /* Type */","suggestion_applicability":"HasPlaceholders","expansion":null}],"children":[],"rendered":null}],"rendered":"\u001b[1m\u001b[91merror[E0282]\u001b[0m\u001b[1m: type annotations needed\u001b[0m\n  \u001b[1m\u001b[94m--> \u001b[0mstageflow/src/interceptors/idempotency.rs:85:19\n   \u001b[1m\u001b[94m|\u001b[0m\n\u001b[1m\u001b[94m85\u001b[0m \u001b[1m\u001b[94m|\u001b[0m             .map(|id| id.to_string())\n   \u001b[1m\u001b[94m|\u001b[0m                   \u001b[1m\u001b[91m^^\u001b[0m  \u001b[1m\u001b[94m--\u001b[0m \u001b[1m\u001b[94mtype must be known at this point\u001b[0m\n   \u001b[1m\u001b[94m|\u001b[0m\n\u001b[1m\u001b[96mhelp\u001b[0m: consider giving this closure parameter an explicit type\n   \u001b[1m\u001b[94m|\u001b[0m\n\u001b[1m\u001b[94m85\u001b[0m \u001b[1m\u001b[94m| \u001b[0m            .map(|id\u001b[92m: /* Type */\u001b[0m| id.to_string())\n   \u001b[1m\u001b[94m|\u001b[0m                     \u001b[92m++++++++++++\u001b[0m\n\n"}
{"$message_type":"diagnostic","message":"no method named `try_emit_event` found for reference `&'life1 StageContext` in the current scope","code":{"code":"E0599","explanation":"This error occurs when a method is used on a type which doesn't implement it:\n\nErroneous code example:\n\n```compile_fail,E0599\nstruct Mouth;\n\nlet x = Mouth;\nx.chocolate(); // error: no method named `chocolate` found for type `Mouth`\n               //        in the current scope\n```\n\nIn this case, you need to implement the `chocolate` method to fix the error:\n\n```\nstruct Mouth;\n\nimpl Mouth {\n    fn chocolate(&self) { // We implement the `chocolate` method here.\n        println!(\"Hmmm! I love chocolate!\");\n    }\n}\n\nlet x = Mouth;\nx.chocolate(); // ok!\n```\n"},"level":"error","spans":[{"file_name":"stageflow/src/interceptors/idempotency.rs","byte_start":2496,"byte_end":2500,"line_start":102,"line_end":102,"column_start":13,"column_end":17,"is_primary":false,"text":[{"text":"            ctx.try_emit_event(","highlight_start":13,"highlight_end":17}],"label":"","suggested_replacement":null,"suggestion_applicability":null,"expansion":null},{"file_name":"stageflow/src/interceptors/idempotency.rs","byte_start":2500,"byte_end":2514,"line_start":102,"line_end":102,"column_start":17,"column_end":31,"is_primary":true,"text":[{"text":"            ctx.try_emit_event(","highlight_start":17,"highlight_end":31}],"label":"method not found in `&'life1 StageContext`","suggested_replacement":null,"suggestion_applicability":null,"expansion":null}],"children":[{"message":"items from traits can only be used if the trait is in scope","code":null,"level":"help","spans":[],"children":[],"rendered":null},{"message":"trait `ExecutionContext` which provides `try_emit_event` is implemented but not in scope; perhaps you want to import it","code":null,"level":"help","spans":[{"file_name":"stageflow/src/interceptors/idempotency.rs","byte_start":46,"byte_end":46,"line_start":3,"line_end":3,"column_start":1,"column_end":1,"is_primary":true,"text":[{"text":"use super::Interceptor;","highlight_start":1,"highlight_end":1}],"label":null,"suggested_replacement":"use crate::context::execution::ExecutionContext;\n","suggestion_applicability":"MaybeIncorrect","expansion":null}],"children":[],"rendered":null}],"rendered":"\u001b[1m\u001b[91merror[E0599]\u001b[0m\u001b[1m: no method named `try_emit_event` found for reference `&'life1 StageContext` in the current scope\u001b[0m\n   \u001b[1m\u001b[94m--> \u001b[0mstageflow/src/interceptors/idempotency.rs:102:17\n    \u001b[1m\u001b[94m|\u001b[0m\n\u001b[1m\u001b[94m102\u001b[0m \u001b[1m\u001b[94m|\u001b[0m             ctx.try_emit_event(\n    \u001b[1m\u001b[94m|\u001b[0m             \u001b[1m\u001b[94m----\u001b[0m\u001b[1m\u001b[91m^^^^^^^^^^^^^^\u001b[0m \u001b[1m\u001b[91mmethod not found in `&'life1 StageContext`\u001b[0m\n    \u001b[1m\u001b[94m|\u001b[0m\n    \u001b[1m\u001b[94m= \u001b[0m\u001b[1mhelp\u001b[0m: items from traits can only be used if the trait is in scope\n\u001b[1m\u001b[96mhelp\u001b[0m: trait `ExecutionContext` which provides `try_emit_event` is implemented but not in scope; perhaps you want to import it\n    \u001b[1m\u001b[94m|\u001b[0m\n  \u001b[1m\u001b[94m3\u001b[0m \u001b[92m+ use crate::context::execution::ExecutionContext;\u001b[0m\n    \u001b[1m\u001b[94m|\u001b[0m\n\n"}
{"$message_type":"diagnostic","message":"failed to resolve: use of unresolved module or unlinked crate `rand`","code":{"code":"E0433","explanation":"An undeclared crate, module, or type was used.\n\nErroneous code example:\n\n```compile_fail,E0433\nlet map = HashMap::new();\n// error: failed to resolve: use of undeclared type `HashMap`\n```\n\nPlease verify you didn't misspell the type/module's name or that you didn't\nforget to import it:\n\n```\nuse std::collections::HashMap; // HashMap has been imported.\nlet map: HashMap<u32, u32> = HashMap::new(); // So it can be used!\n```\n\nIf you've expected to use a crate name:\n\n```compile_fail\nuse ferris_wheel::BigO;\n// error: failed to resolve: use of undeclared module or unlinked crate\n```\n\nMake sure the crate has been added as a dependency in `Cargo.toml`.\n\nTo use a module from your current crate, add the `crate::` prefix to the path.\n"},"level":"error","spans":[{"file_name":"stageflow/src/interceptors/retry.rs","byte_start":1269,"byte_end":1273,"line_start":50,"line_end":50,"column_start":23,"column_end":27,"is_primary":true,"text":[{"text":"        let mut rng = rand::thread_rng();","highlight_start":23,"highlight_end":27}],"label":"use of unresolved module or unlinked crate `rand`","suggested_replacement":null,"suggestion_applicability":null,"expansion":null}],"children":[{"message":"if you wanted to use a crate named `rand`, use `cargo add rand` to add it to your `Cargo.toml`","code":null,"level":"help","spans":[],"children":[],"rendered":null}],"rendered":"\u001b[1m\u001b[91merror[E0433]\u001b[0m\u001b[1m: failed to resolve: use of unresolved module or unlinked crate `rand`\u001b[0m\n  \u001b[1m\u001b[94m--> \u001b[0mstageflow/src/interceptors/retry.rs:50:23\n   \u001b[1m\u001b[94m|\u001b[0m\n\u001b[1m\u001b[94m50\u001b[0m \u001b[1m\u001b[94m|\u001b[0m         let mut rng = rand::thread_rng();\n   \u001b[1m\u001b[94m|\u001b[0m                       \u001b[1m\u001b[91m^^^^\u001b[0m \u001b[1m\u001b[91muse of unresolved module or unlinked crate `rand`\u001b[0m\n   \u001b[1m\u001b[94m|\u001b[0m\n   \u001b[1m\u001b[94m= \u001b[0m\u001b[1mhelp\u001b[0m: if you wanted to use a crate named `rand`, use `cargo add rand` to add it to your `Cargo.toml`\n\n"}
{"$message_type":"diagnostic","message":"no method named `try_emit_event` found for reference `&'life1 StageContext` in the current scope","code":{"code":"E0599","explanation":"This error occurs when a method is used on a type which doesn't implement it:\n\nErroneous code example:\n\n```compile_fail,E0599\nstruct Mouth;\n\nlet x = Mouth;\nx.chocolate(); // error: no method named `chocolate` found for type `Mouth`\n               //        in the current scope\n```\n\nIn this case, you need to implement the `chocolate` method to fix the error:\n\n```\nstruct Mouth;\n\nimpl Mouth {\n    fn chocolate(&self) { // We implement the `chocolate` method here.\n        println!(\"Hmmm! I love chocolate!\");\n    }\n}\n\nlet x = Mouth;\nx.chocolate(); // ok!\n```\n"},"level":"error","spans":[{"file_name":"stageflow/src/interceptors/retry.rs","byte_start":3602,"byte_end":3606,"line_start":128,"line_end":128,"column_start":9,"column_end":13,"is_primary":false,"text":[{"text":"        ctx.try_emit_event(","highlight_start":9,"highlight_end":13}],"label":"","suggested_replacement":null,"suggestion_applicability":null,"expansion":null},{"file_name":"stageflow/src/interceptors/retry.rs","byte_start":3606,"byte_end":3620,"line_start":128,"line_end":128,"column_start":13,"column_end":27,"is_primary":true,"text":[{"text":"        ctx.try_emit_event(","highlight_start":13,"highlight_end":27}],"label":"method not found in `&'life1 StageContext`","suggested_replacement":null,"suggestion_applicability":null,"expansion":null}],"children":[{"message":"items from traits can only be used if the trait is in scope","code":null,"level":"help","spans":[],"children":[],"rendered":null},{"message":"trait `ExecutionContext` which provides `try_emit_event` is implemented but not in scope; perhaps you want to import it","code":null,"level":"help","spans":[{"file_name":"stageflow/src/interceptors/retry.rs","byte_start":48,"byte_end":48,"line_start":3,"line_end":3,"column_start":1,"column_end":1,"is_primary":true,"text":[{"text":"use super::Interceptor;","highlight_start":1,"highlight_end":1}],"label":null,"suggested_replacement":"use crate::context::execution::ExecutionContext;\n","suggestion_applicability":"MaybeIncorrect","expansion":null}],"children":[],"rendered":null}],"rendered":"\u001b[1m\u001b[91merror[E0599]\u001b[0m\u001b[1m: no method named `try_emit_event` found for reference `&'life1 StageContext` in the current scope\u001b[0m\n   \u001b[1m\u001b[94m--> \u001b[0mstageflow/src/interceptors/retry.rs:128:13\n    \u001b[1m\u001b[94m|\u001b[0m\n\u001b[1m\u001b[94m128\u001b[0m \u001b[1m\u001b[94m|\u001b[0m         ctx.try_emit_event(\n    \u001b[1m\u001b[94m|\u001b[0m         \u001b[1m\u001b[94m----\u001b[0m\u001b[1m\u001b[91m^^^^^^^^^^^^^^\u001b[0m \u001b[1m\u001b[91mmethod not found in `&'life1 StageContext`\u001b[0m\n    \u001b[1m\u001b[94m|\u001b[0m\n    \u001b[1m\u001b[94m= \u001b[0m\u001b[1mhelp\u001b[0m: items from traits can only be used if the trait is in scope\n\u001b[1m\u001b[96mhelp\u001b[0m: trait `ExecutionContext` which provides `try_emit_event` is implemented but not in scope; perhaps you want to import it\n    \u001b[1m\u001b[94m|\u001b[0m\n  \u001b[1m\u001b[94m3\u001b[0m \u001b[92m+ use crate::context::execution::ExecutionContext;\u001b[0m\n    \u001b[1m\u001b[94m|\u001b[0m\n\n"}
{"$message_type":"diagnostic","message":"no method named `try_emit_event` found for reference `&PipelineContext` in the current scope","code":{"code":"E0599","explanation":"This error occurs when a method is used on a type which doesn't implement it:\n\nErroneous code example:\n\n```compile_fail,E0599\nstruct Mouth;\n\nlet x = Mouth;\nx.chocolate(); // error: no method named `chocolate` found for type `Mouth`\n               //        in the current scope\n```\n\nIn this case, you need to implement the `chocolate` method to fix the error:\n\n```\nstruct Mouth;\n\nimpl Mouth {\n    fn chocolate(&self) { // We implement the `chocolate` method here.\n        println!(\"Hmmm! I love chocolate!\");\n    }\n}\n\nlet x = Mouth;\nx.chocolate(); // ok!\n```\n"},"level":"error","spans":[{"file_name":"stageflow/src/subpipeline/spawner.rs","byte_start":4601,"byte_end":4612,"line_start":142,"line_end":142,"column_start":13,"column_end":24,"is_primary":false,"text":[{"text":"            parent_ctx.try_emit_event(","highlight_start":13,"highlight_end":24}],"label":"","suggested_replacement":null,"suggestion_applicability":null,"expansion":null},{"file_name":"stageflow/src/subpipeline/spawner.rs","byte_start":4612,"byte_end":4626,"line_start":142,"line_end":142,"column_start":24,"column_end":38,"is_primary":true,"text":[{"text":"            parent_ctx.try_emit_event(","highlight_start":24,"highlight_end":38}],"label":"method not found in `&PipelineContext`","suggested_replacement":null,"suggestion_applicability":null,"expansion":null}],"children":[{"message":"items from traits can only be used if the trait is in scope","code":null,"level":"help","spans":[],"children":[],"rendered":null},{"message":"trait `ExecutionContext` which provides `try_emit_event` is implemented but not in scope; perhaps you want to import it","code":null,"level":"help","spans":[{"file_name":"stageflow/src/subpipeline/spawner.rs","byte_start":49,"byte_end":49,"line_start":3,"line_end":3,"column_start":1,"column_end":1,"is_primary":true,"text":[{"text":"use super::{ChildRunInfo, ChildRunTracker, SubpipelineResult};","highlight_start":1,"highlight_end":1}],"label":null,"suggested_replacement":"use crate::context::execution::ExecutionContext;\n","suggestion_applicability":"MaybeIncorrect","expansion":null}],"children":[],"rendered":null}],"rendered":"\u001b[1m\u001b[91merror[E0599]\u001b[0m\u001b[1m: no method named `try_emit_event` found for reference `&PipelineContext` in the current scope\u001b[0m\n   \u001b[1m\u001b[94m--> \u001b[0mstageflow/src/subpipeline/spawner.rs:142:24\n    \u001b[1m\u001b[94m|\u001b[0m\n\u001b[1m\u001b[94m142\u001b[0m \u001b[1m\u001b[94m|\u001b[0m             parent_ctx.try_emit_event(\n    \u001b[1m\u001b[94m|\u001b[0m             \u001b[1m\u001b[94m-----------\u001b[0m\u001b[1m\u001b[91m^^^^^^^^^^^^^^\u001b[0m \u001b[1m\u001b[91mmethod not found in `&PipelineContext`\u001b[0m\n    \u001b[1m\u001b[94m|\u001b[0m\n    \u001b[1m\u001b[94m= \u001b[0m\u001b[1mhelp\u001b[0m: items from traits can only be used if the trait is in scope\n\u001b[1m\u001b[96mhelp\u001b[0m: trait `ExecutionContext` which provides `try_emit_event` is implemented but not in scope; perhaps you want to import it\n    \u001b[1m\u001b[94m|\u001b[0m\n  \u001b[1m\u001b[94m3\u001b[0m \u001b[92m+ use crate::context::execution::ExecutionContext;\u001b[0m\n    \u001b[1m\u001b[94m|\u001b[0m\n\n"}
{"$message_type":"diagnostic","message":"unused variable: `name`","code":{"code":"unused_variables","explanation":null},"level":"warning","spans":[{"file_name":"stageflow/src/cancellation/task_group.rs","byte_start":1456,"byte_end":1460,"line_start":49,"line_end":49,"column_start":33,"column_end":37,"is_primary":true,"text":[{"text":"    pub fn spawn<F, Fut>(&self, name: &str, task: F)","highlight_start":33,"highlight_end":37}],"label":null,"suggested_replacement":null,"suggestion_applicability":null,"expansion":null}],"children":[{"message":"`#[warn(unused_variables)]` (part of `#[warn(unused)]`) on by default","code":null,"level":"note","spans":[],"children":[],"rendered":null},{"message":"if this is intentional, prefix it with an underscore","code":null,"level":"help","spans":[{"file_name":"stageflow/src/cancellation/task_group.rs","byte_start":1456,"byte_end":1460,"line_start":49,"line_end":49,"column_start":33,"column_end":37,"is_primary":true,"text":[{"text":"    pub fn spawn<F, Fut>(&self, name: &str, task: F)","highlight_start":33,"highlight_end":37}],"label":null,"suggested_replacement":"_name","suggestion_applicability":"MachineApplicable","expansion":null}],"children":[],"rendered":null}],"rendered":"\u001b[1m\u001b[33mwarning\u001b[0m\u001b[1m: unused variable: `name`\u001b[0m\n  \u001b[1m\u001b[94m--> \u001b[0mstageflow/src/cancellation/task_group.rs:49:33\n   \u001b[1m\u001b[94m|\u001b[0m\n\u001b[1m\u001b[94m49\u001b[0m \u001b[1m\u001b[94m|\u001b[0m     pub fn spawn<F, Fut>(&self, name: &str, task: F)\n   \u001b[1m\u001b[94m|\u001b[0m                                 \u001b[1m\u001b[33m^^^^\u001b[0m \u001b[1m\u001b[33mhelp: if this is intentional, prefix it with an underscore: `_name`\u001b[0m\n   \u001b[1m\u001b[94m|\u001b[0m\n   \u001b[1m\u001b[94m= \u001b[0m\u001b[1mnote\u001b[0m: `#[warn(unused_variables)]` (part of `#[warn(unused)]`) on by default\n\n"}
{"$message_type":"diagnostic","message":"unused variable: `default_timezone`","code":{"code":"unused_variables","explanation":null},"level":"warning","spans":[{"file_name":"stageflow/src/helpers/timestamps.rs","byte_start":273,"byte_end":289,"line_start":11,"line_end":11,"column_start":52,"column_end":68,"is_primary":true,"text":[{"text":"pub fn normalize_to_utc(dt: DateTime<FixedOffset>, default_timezone: Option<FixedOffset>) -> DateTime<Utc> {","highlight_start":52,"highlight_end":68}],"label":null,"suggested_replacement":null,"suggestion_applicability":null,"expansion":null}],"children":[{"message":"if this is intentional, prefix it with an underscore","code":null,"level":"help","spans":[{"file_name":"stageflow/src/helpers/timestamps.rs","byte_start":273,"byte_end":289,"line_start":11,"line_end":11,"column_start":52,"column_end":68,"is_primary":true,"text":[{"text":"pub fn normalize_to_utc(dt: DateTime<FixedOffset>, default_timezone: Option<FixedOffset>) -> DateTime<Utc> {","highlight_start":52,"highlight_end":68}],"label":null,"suggested_replacement":"_default_timezone","suggestion_applicability":"MachineApplicable","expansion":null}],"children":[],"rendered":null}],"rendered":"\u001b[1m\u001b[33mwarning\u001b[0m\u001b[1m: unused variable: `default_timezone`\u001b[0m\n  \u001b[1m\u001b[94m--> \u001b[0mstageflow/src/helpers/timestamps.rs:11:52\n   \u001b[1m\u001b[94m|\u001b[0m\n\u001b[1m\u001b[94m11\u001b[0m \u001b[1m\u001b[94m|\u001b[0m pub fn normalize_to_utc(dt: DateTime<FixedOffset>, default_timezone: Option<FixedOffset>) -> DateTime<Utc> {\n   \u001b[1m\u001b[94m|\u001b[0m                                                    \u001b[1m\u001b[33m^^^^^^^^^^^^^^^^\u001b[0m \u001b[1m\u001b[33mhelp: if this is intentional, prefix it with an underscore: `_default_timezone`\u001b[0m\n\n"}
{"$message_type":"diagnostic","message":"unused variable: `error`","code":{"code":"unused_variables","explanation":null},"level":"warning","spans":[{"file_name":"stageflow/src/interceptors/chain.rs","byte_start":963,"byte_end":968,"line_start":32,"line_end":32,"column_start":51,"column_end":56,"is_primary":true,"text":[{"text":"    async fn on_error(&self, _ctx: &StageContext, error: &str) -> Option<StageOutput> {","highlight_start":51,"highlight_end":56}],"label":null,"suggested_replacement":null,"suggestion_applicability":null,"expansion":null}],"children":[{"message":"if this is intentional, prefix it with an underscore","code":null,"level":"help","spans":[{"file_name":"stageflow/src/interceptors/chain.rs","byte_start":963,"byte_end":968,"line_start":32,"line_end":32,"column_start":51,"column_end":56,"is_primary":true,"text":[{"text":"    async fn on_error(&self, _ctx: &StageContext, error: &str) -> Option<StageOutput> {","highlight_start":51,"highlight_end":56}],"label":null,"suggested_replacement":"_error","suggestion_applicability":"MachineApplicable","expansion":null}],"children":[],"rendered":null}],"rendered":"\u001b[1m\u001b[33mwarning\u001b[0m\u001b[1m: unused variable: `error`\u001b[0m\n  \u001b[1m\u001b[94m--> \u001b[0mstageflow/src/interceptors/chain.rs:32:51\n   \u001b[1m\u001b[94m|\u001b[0m\n\u001b[1m\u001b[94m32\u001b[0m \u001b[1m\u001b[94m|\u001b[0m     async fn on_error(&self, _ctx: &StageContext, error: &str) -> Option<StageOutput> {\n   \u001b[1m\u001b[94m|\u001b[0m                                                   \u001b[1m\u001b[33m^^^^^\u001b[0m \u001b[1m\u001b[33mhelp: if this is intentional, prefix it with an underscore: `_error`\u001b[0m\n\n"}
{"$message_type":"diagnostic","message":"unused variable: `ctx`","code":{"code":"unused_variables","explanation":null},"level":"warning","spans":[{"file_name":"stageflow/src/interceptors/hardening.rs","byte_start":1001,"byte_end":1004,"line_start":44,"line_end":44,"column_start":28,"column_end":31,"is_primary":true,"text":[{"text":"    async fn before(&self, ctx: &StageContext) -> Option<StageOutput> {","highlight_start":28,"highlight_end":31}],"label":null,"suggested_replacement":null,"suggestion_applicability":null,"expansion":null}],"children":[{"message":"if this is intentional, prefix it with an underscore","code":null,"level":"help","spans":[{"file_name":"stageflow/src/interceptors/hardening.rs","byte_start":1001,"byte_end":1004,"line_start":44,"line_end":44,"column_start":28,"column_end":31,"is_primary":true,"text":[{"text":"    async fn before(&self, ctx: &StageContext) -> Option<StageOutput> {","highlight_start":28,"highlight_end":31}],"label":null,"suggested_replacement":"_ctx","suggestion_applicability":"MachineApplicable","expansion":null}],"children":[],"rendered":null}],"rendered":"\u001b[1m\u001b[33mwarning\u001b[0m\u001b[1m: unused variable: `ctx`\u001b[0m\n  \u001b[1m\u001b[94m--> \u001b[0mstageflow/src/interceptors/hardening.rs:44:28\n   \u001b[1m\u001b[94m|\u001b[0m\n\u001b[1m\u001b[94m44\u001b[0m \u001b[1m\u001b[94m|\u001b[0m     async fn before(&self, ctx: &StageContext) -> Option<StageOutput> {\n   \u001b[1m\u001b[94m|\u001b[0m                            \u001b[1m\u001b[33m^^^\u001b[0m \u001b[1m\u001b[33mhelp: if this is intentional, prefix it with an underscore: `_ctx`\u001b[0m\n\n"}
{"$message_type":"diagnostic","message":"unused variable: `ctx`","code":{"code":"unused_variables","explanation":null},"level":"warning","spans":[{"file_name":"stageflow/src/interceptors/hardening.rs","byte_start":1217,"byte_end":1220,"line_start":50,"line_end":50,"column_start":27,"column_end":30,"is_primary":true,"text":[{"text":"    async fn after(&self, ctx: &StageContext, output: StageOutput) -> StageOutput {","highlight_start":27,"highlight_end":30}],"label":null,"suggested_replacement":null,"suggestion_applicability":null,"expansion":null}],"children":[{"message":"if this is intentional, prefix it with an underscore","code":null,"level":"help","spans":[{"file_name":"stageflow/src/interceptors/hardening.rs","byte_start":1217,"byte_end":1220,"line_start":50,"line_end":50,"column_start":27,"column_end":30,"is_primary":true,"text":[{"text":"    async fn after(&self, ctx: &StageContext, output: StageOutput) -> StageOutput {","highlight_start":27,"highlight_end":30}],"label":null,"suggested_replacement":"_ctx","suggestion_applicability":"MachineApplicable","expansion":null}],"children":[],"rendered":null}],"rendered":"\u001b[1m\u001b[33mwarning\u001b[0m\u001b[1m: unused variable: `ctx`\u001b[0m\n  \u001b[1m\u001b[94m--> \u001b[0mstageflow/src/interceptors/hardening.rs:50:27\n   \u001b[1m\u001b[94m|\u001b[0m\n\u001b[1m\u001b[94m50\u001b[0m \u001b[1m\u001b[94m|\u001b[0m     async fn after(&self, ctx: &StageContext, output: StageOutput) -> StageOutput {\n   \u001b[1m\u001b[94m|\u001b[0m                           \u001b[1m\u001b[33m^^^\u001b[0m \u001b[1m\u001b[33mhelp: if this is intentional, prefix it with an underscore: `_ctx`\u001b[0m\n\n"}
{"$message_type":"diagnostic","message":"unused variable: `deps`","code":{"code":"unused_variables","explanation":null},"level":"warning","spans":[{"file_name":"stageflow/src/pipeline/builder_helpers.rs","byte_start":1748,"byte_end":1752,"line_start":59,"line_end":59,"column_start":17,"column_end":21,"is_primary":true,"text":[{"text":"            let deps: Vec<&str> = if i == 0 {","highlight_start":17,"highlight_end":21}],"label":null,"suggested_replacement":null,"suggestion_applicability":null,"expansion":null}],"children":[{"message":"if this is intentional, prefix it with an underscore","code":null,"level":"help","spans":[{"file_name":"stageflow/src/pipeline/builder_helpers.rs","byte_start":1748,"byte_end":1752,"line_start":59,"line_end":59,"column_start":17,"column_end":21,"is_primary":true,"text":[{"text":"            let deps: Vec<&str> = if i == 0 {","highlight_start":17,"highlight_end":21}],"label":null,"suggested_replacement":"_deps","suggestion_applicability":"MachineApplicable","expansion":null}],"children":[],"rendered":null}],"rendered":"\u001b[1m\u001b[33mwarning\u001b[0m\u001b[1m: unused variable: `deps`\u001b[0m\n  \u001b[1m\u001b[94m--> \u001b[0mstageflow/src/pipeline/builder_helpers.rs:59:17\n   \u001b[1m\u001b[94m|\u001b[0m\n\u001b[1m\u001b[94m59\u001b[0m \u001b[1m\u001b[94m|\u001b[0m             let deps: Vec<&str> = if i == 0 {\n   \u001b[1m\u001b[94m|\u001b[0m                 \u001b[1m\u001b[33m^^^^\u001b[0m \u001b[1m\u001b[33mhelp: if this is intentional, prefix it with an underscore: `_deps`\u001b[0m\n\n"}
{"$message_type":"diagnostic","message":"unused variable: `graph`","code":{"code":"unused_variables","explanation":null},"level":"warning","spans":[{"file_name":"stageflow/src/pipeline/unified.rs","byte_start":8413,"byte_end":8418,"line_start":251,"line_end":251,"column_start":5,"column_end":10,"is_primary":true,"text":[{"text":"    graph: &StageGraph,","highlight_start":5,"highlight_end":10}],"label":null,"suggested_replacement":null,"suggestion_applicability":null,"expansion":null}],"children":[{"message":"if this is intentional, prefix it with an underscore","code":null,"level":"help","spans":[{"file_name":"stageflow/src/pipeline/unified.rs","byte_start":8413,"byte_end":8418,"line_start":251,"line_end":251,"column_start":5,"column_end":10,"is_primary":true,"text":[{"text":"    graph: &StageGraph,","highlight_start":5,"highlight_end":10}],"label":null,"suggested_replacement":"_graph","suggestion_applicability":"MachineApplicable","expansion":null}],"children":[],"rendered":null}],"rendered":"\u001b[1m\u001b[33mwarning\u001b[0m\u001b[1m: unused variable: `graph`\u001b[0m\n   \u001b[1m\u001b[94m--> \u001b[0mstageflow/src/pipeline/unified.rs:251:5\n    \u001b[1m\u001b[94m|\u001b[0m\n\u001b[1m\u001b[94m251\u001b[0m \u001b[1m\u001b[94m|\u001b[0m     graph: &StageGraph,\n    \u001b[1m\u001b[94m|\u001b[0m     \u001b[1m\u001b[33m^^^^^\u001b[0m \u001b[1m\u001b[33mhelp: if this is intentional, prefix it with an underscore: `_graph`\u001b[0m\n\n"}
{"$message_type":"diagnostic","message":"unused variable: `stage_name`","code":{"code":"unused_variables","explanation":null},"level":"warning","spans":[{"file_name":"stageflow/src/pipeline/unified.rs","byte_start":8437,"byte_end":8447,"line_start":252,"line_end":252,"column_start":5,"column_end":15,"is_primary":true,"text":[{"text":"    stage_name: &str,","highlight_start":5,"highlight_end":15}],"label":null,"suggested_replacement":null,"suggestion_applicability":null,"expansion":null}],"children":[{"message":"if this is intentional, prefix it with an underscore","code":null,"level":"help","spans":[{"file_name":"stageflow/src/pipeline/unified.rs","byte_start":8437,"byte_end":8447,"line_start":252,"line_end":252,"column_start":5,"column_end":15,"is_primary":true,"text":[{"text":"    stage_name: &str,","highlight_start":5,"highlight_end":15}],"label":null,"suggested_replacement":"_stage_name","suggestion_applicability":"MachineApplicable","expansion":null}],"children":[],"rendered":null}],"rendered":"\u001b[1m\u001b[33mwarning\u001b[0m\u001b[1m: unused variable: `stage_name`\u001b[0m\n   \u001b[1m\u001b[94m--> \u001b[0mstageflow/src/pipeline/unified.rs:252:5\n    \u001b[1m\u001b[94m|\u001b[0m\n\u001b[1m\u001b[94m252\u001b[0m \u001b[1m\u001b[94m|\u001b[0m     stage_name: &str,\n    \u001b[1m\u001b[94m|\u001b[0m     \u001b[1m\u001b[33m^^^^^^^^^^\u001b[0m \u001b[1m\u001b[33mhelp: if this is intentional, prefix it with an underscore: `_stage_name`\u001b[0m\n\n"}
{"$message_type":"diagnostic","message":"unused variable: `ctx`","code":{"code":"unused_variables","explanation":null},"level":"warning","spans":[{"file_name":"stageflow/src/pipeline/unified.rs","byte_start":8459,"byte_end":8462,"line_start":253,"line_end":253,"column_start":5,"column_end":8,"is_primary":true,"text":[{"text":"    ctx: &StageContext,","highlight_start":5,"highlight_end":8}],"label":null,"suggested_replacement":null,"suggestion_applicability":null,"expansion":null}],"children":[{"message":"if this is intentional, prefix it with an underscore","code":null,"level":"help","spans":[{"file_name":"stageflow/src/pipeline/unified.rs","byte_start":8459,"byte_end":8462,"line_start":253,"line_end":253,"column_start":5,"column_end":8,"is_primary":true,"text":[{"text":"    ctx: &StageContext,","highlight_start":5,"highlight_end":8}],"label":null,"suggested_replacement":"_ctx","suggestion_applicability":"MachineApplicable","expansion":null}],"children":[],"rendered":null}],"rendered":"\u001b[1m\u001b[33mwarning\u001b[0m\u001b[1m: unused variable: `ctx`\u001b[0m\n   \u001b[1m\u001b[94m--> \u001b[0mstageflow/src/pipeline/unified.rs:253:5\n    \u001b[1m\u001b[94m|\u001b[0m\n\u001b[1m\u001b[94m253\u001b[0m \u001b[1m\u001b[94m|\u001b[0m     ctx: &StageContext,\n    \u001b[1m\u001b[94m|\u001b[0m     \u001b[1m\u001b[33m^^^\u001b[0m \u001b[1m\u001b[33mhelp: if this is intentional, prefix it with an underscore: `_ctx`\u001b[0m\n\n"}
{"$message_type":"diagnostic","message":"unused variable: `status`","code":{"code":"unused_variables","explanation":null},"level":"warning","spans":[{"file_name":"stageflow/src/tools/executor.rs","byte_start":3781,"byte_end":3787,"line_start":120,"line_end":120,"column_start":21,"column_end":27,"is_primary":true,"text":[{"text":"                Err(status) => {","highlight_start":21,"highlight_end":27}],"label":null,"suggested_replacement":null,"suggestion_applicability":null,"expansion":null}],"children":[{"message":"if this is intentional, prefix it with an underscore","code":null,"level":"help","spans":[{"file_name":"stageflow/src/tools/executor.rs","byte_start":3781,"byte_end":3787,"line_start":120,"line_end":120,"column_start":21,"column_end":27,"is_primary":true,"text":[{"text":"                Err(status) => {","highlight_start":21,"highlight_end":27}],"label":null,"suggested_replacement":"_status","suggestion_applicability":"MachineApplicable","expansion":null}],"children":[],"rendered":null}],"rendered":"\u001b[1m\u001b[33mwarning\u001b[0m\u001b[1m: unused variable: `status`\u001b[0m\n   \u001b[1m\u001b[94m--> \u001b[0mstageflow/src/tools/executor.rs:120:21\n    \u001b[1m\u001b[94m|\u001b[0m\n\u001b[1m\u001b[94m120\u001b[0m \u001b[1m\u001b[94m|\u001b[0m                 Err(status) => {\n    \u001b[1m\u001b[94m|\u001b[0m                     \u001b[1m\u001b[33m^^^^^^\u001b[0m \u001b[1m\u001b[33mhelp: if this is intentional, prefix it with an underscore: `_status`\u001b[0m\n\n"}
{"$message_type":"diagnostic","message":"unused variable: `f`","code":{"code":"unused_variables","explanation":null},"level":"warning","spans":[{"file_name":"stageflow/src/tools/registry.rs","byte_start":2787,"byte_end":2788,"line_start":93,"line_end":93,"column_start":45,"column_end":46,"is_primary":true,"text":[{"text":"            factories.get(action_type).map(|f| {","highlight_start":45,"highlight_end":46}],"label":null,"suggested_replacement":null,"suggestion_applicability":null,"expansion":null}],"children":[{"message":"if this is intentional, prefix it with an underscore","code":null,"level":"help","spans":[{"file_name":"stageflow/src/tools/registry.rs","byte_start":2787,"byte_end":2788,"line_start":93,"line_end":93,"column_start":45,"column_end":46,"is_primary":true,"text":[{"text":"            factories.get(action_type).map(|f| {","highlight_start":45,"highlight_end":46}],"label":null,"suggested_replacement":"_f","suggestion_applicability":"MachineApplicable","expansion":null}],"children":[],"rendered":null}],"rendered":"\u001b[1m\u001b[33mwarning\u001b[0m\u001b[1m: unused variable: `f`\u001b[0m\n  \u001b[1m\u001b[94m--> \u001b[0mstageflow/src/tools/registry.rs:93:45\n   \u001b[1m\u001b[94m|\u001b[0m\n\u001b[1m\u001b[94m93\u001b[0m \u001b[1m\u001b[94m|\u001b[0m             factories.get(action_type).map(|f| {\n   \u001b[1m\u001b[94m|\u001b[0m                                             \u001b[1m\u001b[33m^\u001b[0m \u001b[1m\u001b[33mhelp: if this is intentional, prefix it with an underscore: `_f`\u001b[0m\n\n"}
{"$message_type":"diagnostic","message":"unused variable: `factory`","code":{"code":"unused_variables","explanation":null},"level":"warning","spans":[{"file_name":"stageflow/src/tools/registry.rs","byte_start":2680,"byte_end":2687,"line_start":91,"line_end":91,"column_start":13,"column_end":20,"is_primary":true,"text":[{"text":"        let factory = {","highlight_start":13,"highlight_end":20}],"label":null,"suggested_replacement":null,"suggestion_applicability":null,"expansion":null}],"children":[{"message":"if this is intentional, prefix it with an underscore","code":null,"level":"help","spans":[{"file_name":"stageflow/src/tools/registry.rs","byte_start":2680,"byte_end":2687,"line_start":91,"line_end":91,"column_start":13,"column_end":20,"is_primary":true,"text":[{"text":"        let factory = {","highlight_start":13,"highlight_end":20}],"label":null,"suggested_replacement":"_factory","suggestion_applicability":"MachineApplicable","expansion":null}],"children":[],"rendered":null}],"rendered":"\u001b[1m\u001b[33mwarning\u001b[0m\u001b[1m: unused variable: `factory`\u001b[0m\n  \u001b[1m\u001b[94m--> \u001b[0mstageflow/src/tools/registry.rs:91:13\n   \u001b[1m\u001b[94m|\u001b[0m\n\u001b[1m\u001b[94m91\u001b[0m \u001b[1m\u001b[94m|\u001b[0m         let factory = {\n   \u001b[1m\u001b[94m|\u001b[0m             \u001b[1m\u001b[33m^^^^^^^\u001b[0m \u001b[1m\u001b[33mhelp: if this is intentional, prefix it with an underscore: `_factory`\u001b[0m\n\n"}
{"$message_type":"diagnostic","message":"aborting due to 29 previous errors; 26 warnings emitted","code":null,"level":"error","spans":[],"children":[],"rendered":"\u001b[1m\u001b[91merror\u001b[0m\u001b[1m: aborting due to 29 previous errors; 26 warnings emitted\u001b[0m\n\n"}
{"$message_type":"diagnostic","message":"Some errors have detailed explanations: E0282, E0432, E0433, E0599, E0603.","code":null,"level":"failure-note","spans":[],"children":[],"rendered":"\u001b[1mSome errors have detailed explanations: E0282, E0432, E0433, E0599, E0603.\u001b[0m\n"}
{"$message_type":"diagnostic","message":"For more information about an error, try `rustc --explain E0282`.","code":null,"level":"failure-note","spans":[],"children":[],"rendered":"\u001b[1mFor more information about an error, try `rustc --explain E0282`.\u001b[0m\n"}
